<?xml version="1.0" encoding="UTF-8"?>
<testsuite xmlns:xsi="http://www.w3.org/2001/XMLSchema-instance" xsi:noNamespaceSchemaLocation="https://maven.apache.org/surefire/maven-surefire-plugin/xsd/surefire-test-report.xsd" version="3.0.2" name="org.opendatamesh.platform.pp.notification.subscription.services.usecases.create.SubscriptionCreatorImplTest" time="0.022" tests="1" errors="0" skipped="0" failures="0">
  <properties>
[...]
</properties>
  <testcase name="createsSubscriptionAndReturnsUuid" classname="org.opendatamesh.platform.pp.notification.subscription.services.usecases.create.SubscriptionCreatorImplTest" time="0.011"/>
</testsuite>