<?xml version="1.0" encoding="UTF-8"?>
<testsuite xmlns:xsi="http://www.w3.org/2001/XMLSchema-instance" xsi:noNamespaceSchemaLocation="https://maven.apache.org/surefire/maven-surefire-plugin/xsd/surefire-test-report.xsd" version="3.0.2" name="org.opendatamesh.platform.pp.notification.rest.v2.it.controllers.NotificationReplayControllerIT" time="12.919" tests="2" errors="0" skipped="0" failures="0">
  <properties>
[...]
</properties>
  <testcase name="whenReplayNotificationThenNewNotificationIsCreatedAndSentToSpecificSubscriber" classname="org.opendatamesh.platform.pp.notification.rest.v2.it.controllers.NotificationReplayControllerIT" time="3.472">
    <system-out><![CDATA[15:03:03.559 [main] INFO org.springframework.boot.devtools.restart.RestartApplicationListener -- Restart disabled due to context in which it is running

  .   ____          _            __ _ _
 /\\ / ___'_ __ _ _(_)_ __  __ _ \ \ \ \
( ( )\___ | '_ | '_| | '_ \/ _` | \ \ \ \
 \\/  ___)| |_)| | | | | || (_| |  ) ) ) )
  '  |____| .__|_| |_|_| |_\__, | / / / /
 =========|_|==============|___/=/_/_/_/

 :: Spring Boot ::                (v3.5.6)

2025-11-03T15:03:03.992+01:00  INFO 490575 --- [odm-platform-pp-notification-server] [           main] n.r.v.i.c.NotificationReplayControllerIT : Starting NotificationReplayControllerIT using Java 21.0.9 with PID 490575 (started by alfiogiulianofaro in /home/alfiogiulianofaro/git/odm-platform-pp-notification-server)
2025-11-03T15:03:03.995+01:00 DEBUG 490575 --- [odm-platform-pp-notification-server] [           main] n.r.v.i.c.NotificationReplayControllerIT : Running with Spring Boot v3.5.6, Spring v6.2.11
2025-11-03T15:03:03.999+01:00  INFO 490575 --- [odm-platform-pp-notification-server] [           main] n.r.v.i.c.NotificationReplayControllerIT : The following 1 profile is active: "test"
2025-11-03T15:03:05.364+01:00  INFO 490575 --- [odm-platform-pp-notification-server] [           main] .s.d.r.c.RepositoryConfigurationDelegate : Bootstrapping Spring Data JPA repositories in DEFAULT mode.
2025-11-03T15:03:05.462+01:00  INFO 490575 --- [odm-platform-pp-notification-server] [           main] .s.d.r.c.RepositoryConfigurationDelegate : Finished Spring Data repository scanning in 84 ms. Found 3 JPA repository interfaces.
2025-11-03T15:03:06.272+01:00  INFO 490575 --- [odm-platform-pp-notification-server] [           main] o.s.b.w.embedded.tomcat.TomcatWebServer  : Tomcat initialized with port 0 (http)
2025-11-03T15:03:06.288+01:00  INFO 490575 --- [odm-platform-pp-notification-server] [           main] o.apache.catalina.core.StandardService   : Starting service [Tomcat]
2025-11-03T15:03:06.288+01:00  INFO 490575 --- [odm-platform-pp-notification-server] [           main] o.apache.catalina.core.StandardEngine    : Starting Servlet engine: [Apache Tomcat/10.1.46]
2025-11-03T15:03:06.347+01:00  INFO 490575 --- [odm-platform-pp-notification-server] [           main] o.a.c.c.C.[Tomcat].[localhost].[/]       : Initializing Spring embedded WebApplicationContext
2025-11-03T15:03:06.349+01:00  INFO 490575 --- [odm-platform-pp-notification-server] [           main] w.s.c.ServletWebServerApplicationContext : Root WebApplicationContext: initialization completed in 2333 ms
2025-11-03T15:03:06.554+01:00 DEBUG 490575 --- [odm-platform-pp-notification-server] [           main] o.s.w.f.ServerHttpObservationFilter      : Filter 'webMvcObservationFilter' configured for use
2025-11-03T15:03:06.635+01:00  INFO 490575 --- [odm-platform-pp-notification-server] [           main] org.testcontainers.images.PullPolicy     : Image pull policy will be performed by: DefaultPullPolicy()
2025-11-03T15:03:06.636+01:00  INFO 490575 --- [odm-platform-pp-notification-server] [           main] o.t.utility.ImageNameSubstitutor         : Image name substitution will be performed by: DefaultImageNameSubstitutor (composite of 'ConfigurationFileImageNameSubstitutor' and 'PrefixingImageNameSubstitutor')
2025-11-03T15:03:06.772+01:00  INFO 490575 --- [odm-platform-pp-notification-server] [           main] o.t.d.DockerClientProviderStrategy       : Loaded org.testcontainers.dockerclient.UnixSocketClientProviderStrategy from ~/.testcontainers.properties, will try it first
2025-11-03T15:03:07.115+01:00  INFO 490575 --- [odm-platform-pp-notification-server] [           main] o.t.d.DockerClientProviderStrategy       : Found Docker environment with local Unix socket (unix:///var/run/docker.sock)
2025-11-03T15:03:07.117+01:00  INFO 490575 --- [odm-platform-pp-notification-server] [           main] org.testcontainers.DockerClientFactory   : Docker host IP address is localhost
2025-11-03T15:03:07.134+01:00  INFO 490575 --- [odm-platform-pp-notification-server] [           main] org.testcontainers.DockerClientFactory   : Connected to docker: 
  Server Version: 28.5.0
  API Version: 1.51
  Operating System: Ubuntu 24.04.3 LTS
  Total Memory: 23875 MB
2025-11-03T15:03:07.156+01:00  INFO 490575 --- [odm-platform-pp-notification-server] [           main] tc.testcontainers/ryuk:0.5.1             : Creating container for image: testcontainers/ryuk:0.5.1
2025-11-03T15:03:07.164+01:00  INFO 490575 --- [odm-platform-pp-notification-server] [           main] o.t.utility.RegistryAuthLocator          : Failure when attempting to lookup auth config. Please ignore if you don't have images in an authenticated registry. Details: (dockerImageName: testcontainers/ryuk:0.5.1, configFile: /home/alfiogiulianofaro/.docker/config.json, configEnv: DOCKER_AUTH_CONFIG). Falling back to docker-java default behaviour. Exception message: Status 404: No config supplied. Checked in order: /home/alfiogiulianofaro/.docker/config.json (file not found), DOCKER_AUTH_CONFIG (not set)
2025-11-03T15:03:07.325+01:00  INFO 490575 --- [odm-platform-pp-notification-server] [           main] tc.testcontainers/ryuk:0.5.1             : Container testcontainers/ryuk:0.5.1 is starting: 91b072967054d5ac80b5038c74d3dc5d5b0928c2617f2ecfc069eee02c272fc0
2025-11-03T15:03:07.721+01:00  INFO 490575 --- [odm-platform-pp-notification-server] [           main] tc.testcontainers/ryuk:0.5.1             : Container testcontainers/ryuk:0.5.1 started in PT0.56431729S
2025-11-03T15:03:07.730+01:00  INFO 490575 --- [odm-platform-pp-notification-server] [           main] o.t.utility.RyukResourceReaper           : Ryuk started - will monitor and terminate Testcontainers containers on JVM exit
2025-11-03T15:03:07.730+01:00  INFO 490575 --- [odm-platform-pp-notification-server] [           main] org.testcontainers.DockerClientFactory   : Checking the system...
2025-11-03T15:03:07.731+01:00  INFO 490575 --- [odm-platform-pp-notification-server] [           main] org.testcontainers.DockerClientFactory   : ✔︎ Docker server version should be at least 1.6.0
2025-11-03T15:03:07.732+01:00  INFO 490575 --- [odm-platform-pp-notification-server] [           main] tc.postgres:15                           : Creating container for image: postgres:15
2025-11-03T15:03:07.785+01:00  INFO 490575 --- [odm-platform-pp-notification-server] [           main] tc.postgres:15                           : Container postgres:15 is starting: 275c0bf8de422ec5b4c694c5640c26b9f551c3d6c9742f3f9e5b86e4c43597b8
2025-11-03T15:03:09.101+01:00  INFO 490575 --- [odm-platform-pp-notification-server] [           main] tc.postgres:15                           : Container postgres:15 started in PT1.369063643S
2025-11-03T15:03:09.102+01:00  INFO 490575 --- [odm-platform-pp-notification-server] [           main] tc.postgres:15                           : Container is started (JDBC URL: jdbc:postgresql://localhost:32777/testdb?loggerLevel=OFF)
2025-11-03T15:03:09.103+01:00  INFO 490575 --- [odm-platform-pp-notification-server] [           main] .v.i.TestContainerConfig$$SpringCGLIB$$0 : Started PostgreSQL container: jdbc:postgresql://localhost:32777/testdb?loggerLevel=OFF
2025-11-03T15:03:09.128+01:00  INFO 490575 --- [odm-platform-pp-notification-server] [           main] .c.d.FlywayConfiguration$$SpringCGLIB$$0 : Initializing Flyway with schema: public
2025-11-03T15:03:09.141+01:00  INFO 490575 --- [odm-platform-pp-notification-server] [           main] com.zaxxer.hikari.HikariDataSource       : HikariPool-1 - Starting...
2025-11-03T15:03:09.303+01:00  INFO 490575 --- [odm-platform-pp-notification-server] [           main] com.zaxxer.hikari.pool.HikariPool        : HikariPool-1 - Added connection org.postgresql.jdbc.PgConnection@7865cc83
2025-11-03T15:03:09.304+01:00  INFO 490575 --- [odm-platform-pp-notification-server] [           main] com.zaxxer.hikari.HikariDataSource       : HikariPool-1 - Start completed.
2025-11-03T15:03:09.486+01:00  INFO 490575 --- [odm-platform-pp-notification-server] [           main] org.flywaydb.core.FlywayExecutor         : Database: jdbc:postgresql://localhost:32777/testdb?loggerLevel=OFF (PostgreSQL 15.14)
2025-11-03T15:03:09.535+01:00  INFO 490575 --- [odm-platform-pp-notification-server] [           main] o.f.c.i.s.JdbcTableSchemaHistory         : Schema history table "public"."flyway_schema_history" does not exist yet
2025-11-03T15:03:09.539+01:00  INFO 490575 --- [odm-platform-pp-notification-server] [           main] o.f.core.internal.command.DbValidate     : Successfully validated 1 migration (execution time 00:00.022s)
2025-11-03T15:03:09.558+01:00  INFO 490575 --- [odm-platform-pp-notification-server] [           main] o.f.c.i.s.JdbcTableSchemaHistory         : Creating Schema History table "public"."flyway_schema_history" ...
2025-11-03T15:03:09.616+01:00  INFO 490575 --- [odm-platform-pp-notification-server] [           main] o.f.core.internal.command.DbMigrate      : Current version of schema "public": << Empty Schema >>
2025-11-03T15:03:09.630+01:00  INFO 490575 --- [odm-platform-pp-notification-server] [           main] o.f.core.internal.command.DbMigrate      : Migrating schema "public" to version "1 - init schema"
2025-11-03T15:03:09.667+01:00  INFO 490575 --- [odm-platform-pp-notification-server] [           main] o.f.core.internal.command.DbMigrate      : Successfully applied 1 migration to schema "public", now at version v1 (execution time 00:00.017s)
2025-11-03T15:03:09.768+01:00  INFO 490575 --- [odm-platform-pp-notification-server] [           main] o.hibernate.jpa.internal.util.LogHelper  : HHH000204: Processing PersistenceUnitInfo [name: default]
2025-11-03T15:03:09.820+01:00  INFO 490575 --- [odm-platform-pp-notification-server] [           main] org.hibernate.Version                    : HHH000412: Hibernate ORM core version 6.6.29.Final
2025-11-03T15:03:09.864+01:00  INFO 490575 --- [odm-platform-pp-notification-server] [           main] o.h.c.internal.RegionFactoryInitiator    : HHH000026: Second-level cache disabled
2025-11-03T15:03:10.143+01:00  INFO 490575 --- [odm-platform-pp-notification-server] [           main] o.s.o.j.p.SpringPersistenceUnitInfo      : No LoadTimeWeaver setup: ignoring JPA class transformer
2025-11-03T15:03:10.177+01:00  WARN 490575 --- [odm-platform-pp-notification-server] [           main] org.hibernate.orm.deprecation            : HHH90000025: PostgreSQLDialect does not need to be specified explicitly using 'hibernate.dialect' (remove the property setting and it will be selected by default)
2025-11-03T15:03:10.187+01:00  INFO 490575 --- [odm-platform-pp-notification-server] [           main] org.hibernate.orm.connections.pooling    : HHH10001005: Database info:
	Database JDBC URL [Connecting through datasource 'HikariDataSource (HikariPool-1)']
	Database driver: undefined/unknown
	Database version: 15.14
	Autocommit mode: undefined/unknown
	Isolation level: undefined/unknown
	Minimum pool size: undefined/unknown
	Maximum pool size: undefined/unknown
2025-11-03T15:03:10.925+01:00  INFO 490575 --- [odm-platform-pp-notification-server] [           main] o.h.e.t.j.p.i.JtaPlatformInitiator       : HHH000489: No JTA platform available (set 'hibernate.transaction.jta.platform' to enable JTA platform integration)
2025-11-03T15:03:10.929+01:00  INFO 490575 --- [odm-platform-pp-notification-server] [           main] j.LocalContainerEntityManagerFactoryBean : Initialized JPA EntityManagerFactory for persistence unit 'default'
2025-11-03T15:03:11.751+01:00  WARN 490575 --- [odm-platform-pp-notification-server] [           main] JpaBaseConfiguration$JpaWebConfiguration : spring.jpa.open-in-view is enabled by default. Therefore, database queries may be performed during view rendering. Explicitly configure spring.jpa.open-in-view to disable this warning
2025-11-03T15:03:11.862+01:00 DEBUG 490575 --- [odm-platform-pp-notification-server] [           main] s.w.s.m.m.a.RequestMappingHandlerMapping : 23 mappings in 'requestMappingHandlerMapping'
2025-11-03T15:03:11.922+01:00 DEBUG 490575 --- [odm-platform-pp-notification-server] [           main] o.s.w.s.handler.SimpleUrlHandlerMapping  : Patterns [/webjars/**, /**, /swagger-ui*/*swagger-initializer.js, /swagger-ui*/**] in 'resourceHandlerMapping'
2025-11-03T15:03:11.959+01:00 DEBUG 490575 --- [odm-platform-pp-notification-server] [           main] s.w.s.m.m.a.RequestMappingHandlerAdapter : ControllerAdvice beans: 0 @ModelAttribute, 0 @InitBinder, 1 RequestBodyAdvice, 1 ResponseBodyAdvice
2025-11-03T15:03:12.014+01:00 DEBUG 490575 --- [odm-platform-pp-notification-server] [           main] .m.m.a.ExceptionHandlerExceptionResolver : ControllerAdvice beans: 2 @ExceptionHandler, 1 ResponseBodyAdvice
2025-11-03T15:03:12.414+01:00  INFO 490575 --- [odm-platform-pp-notification-server] [           main] o.s.b.a.h2.H2ConsoleAutoConfiguration    : H2 console available at '/h2-console'. Database available at 'jdbc:postgresql://localhost:32777/testdb?loggerLevel=OFF'
2025-11-03T15:03:12.426+01:00  INFO 490575 --- [odm-platform-pp-notification-server] [           main] o.s.b.a.e.web.EndpointLinksResolver      : Exposing 3 endpoints beneath base path '/actuator'
2025-11-03T15:03:12.509+01:00  INFO 490575 --- [odm-platform-pp-notification-server] [           main] o.s.b.w.embedded.tomcat.TomcatWebServer  : Tomcat started on port 33515 (http) with context path '/'
2025-11-03T15:03:12.529+01:00  INFO 490575 --- [odm-platform-pp-notification-server] [           main] n.r.v.i.c.NotificationReplayControllerIT : Started NotificationReplayControllerIT in 8.98 seconds (process running for 9.945)
2025-11-03T15:03:12.976+01:00 DEBUG 490575 --- [odm-platform-pp-notification-server] [           main] o.s.web.client.RestTemplate              : HTTP POST http://localhost:33515/api/v2/pp/notification/subscriptions
2025-11-03T15:03:12.989+01:00 DEBUG 490575 --- [odm-platform-pp-notification-server] [           main] o.s.web.client.RestTemplate              : Accept=[application/json, application/yaml, application/*+json]
2025-11-03T15:03:12.992+01:00 DEBUG 490575 --- [odm-platform-pp-notification-server] [           main] o.s.web.client.RestTemplate              : Writing [org.opendatamesh.platform.pp.notification.rest.v2.resources.subscription.SubscriptionRes@5191288e] with org.springframework.http.converter.json.MappingJackson2HttpMessageConverter
2025-11-03T15:03:13.062+01:00  INFO 490575 --- [odm-platform-pp-notification-server] [o-auto-1-exec-1] o.a.c.c.C.[Tomcat].[localhost].[/]       : Initializing Spring DispatcherServlet 'dispatcherServlet'
2025-11-03T15:03:13.062+01:00  INFO 490575 --- [odm-platform-pp-notification-server] [o-auto-1-exec-1] o.s.web.servlet.DispatcherServlet        : Initializing Servlet 'dispatcherServlet'
2025-11-03T15:03:13.062+01:00 DEBUG 490575 --- [odm-platform-pp-notification-server] [o-auto-1-exec-1] o.s.web.servlet.DispatcherServlet        : Detected StandardServletMultipartResolver
2025-11-03T15:03:13.063+01:00 DEBUG 490575 --- [odm-platform-pp-notification-server] [o-auto-1-exec-1] o.s.web.servlet.DispatcherServlet        : Detected AcceptHeaderLocaleResolver
2025-11-03T15:03:13.063+01:00 DEBUG 490575 --- [odm-platform-pp-notification-server] [o-auto-1-exec-1] o.s.web.servlet.DispatcherServlet        : Detected FixedThemeResolver
2025-11-03T15:03:13.064+01:00 DEBUG 490575 --- [odm-platform-pp-notification-server] [o-auto-1-exec-1] o.s.web.servlet.DispatcherServlet        : Detected org.springframework.web.servlet.view.DefaultRequestToViewNameTranslator@18f90bd8
2025-11-03T15:03:13.066+01:00 DEBUG 490575 --- [odm-platform-pp-notification-server] [o-auto-1-exec-1] o.s.web.servlet.DispatcherServlet        : Detected org.springframework.web.servlet.support.SessionFlashMapManager@3a8dd899
2025-11-03T15:03:13.066+01:00 DEBUG 490575 --- [odm-platform-pp-notification-server] [o-auto-1-exec-1] o.s.web.servlet.DispatcherServlet        : enableLoggingRequestDetails='false': request parameters and headers will be masked to prevent unsafe logging of potentially sensitive data
2025-11-03T15:03:13.066+01:00  INFO 490575 --- [odm-platform-pp-notification-server] [o-auto-1-exec-1] o.s.web.servlet.DispatcherServlet        : Completed initialization in 4 ms
2025-11-03T15:03:13.089+01:00 DEBUG 490575 --- [odm-platform-pp-notification-server] [o-auto-1-exec-1] o.s.web.servlet.DispatcherServlet        : POST "/api/v2/pp/notification/subscriptions", parameters={}
2025-11-03T15:03:13.097+01:00 DEBUG 490575 --- [odm-platform-pp-notification-server] [o-auto-1-exec-1] s.w.s.m.m.a.RequestMappingHandlerMapping : Mapped to org.opendatamesh.platform.pp.notification.rest.v2.controllers.SubscriptionController#createSubscription(SubscriptionRes)
2025-11-03T15:03:13.135+01:00 DEBUG 490575 --- [odm-platform-pp-notification-server] [o-auto-1-exec-1] m.m.a.RequestResponseBodyMethodProcessor : Read "application/json;charset=UTF-8" to [org.opendatamesh.platform.pp.notification.rest.v2.resources.subscription.SubscriptionRes@3c365912]
2025-11-03T15:03:13.174+01:00 DEBUG 490575 --- [odm-platform-pp-notification-server] [o-auto-1-exec-1] org.hibernate.SQL                        : insert into public.subscriptions (created_at,display_name,name,observer_server_base_url,updated_at,uuid) values (?,?,?,?,?,?)
Hibernate: insert into public.subscriptions (created_at,display_name,name,observer_server_base_url,updated_at,uuid) values (?,?,?,?,?,?)
2025-11-03T15:03:13.179+01:00 DEBUG 490575 --- [odm-platform-pp-notification-server] [o-auto-1-exec-1] org.hibernate.SQL                        : insert into public.subscriptions_events_types (event_name,subscription_uuid) values (?,?)
Hibernate: insert into public.subscriptions_events_types (event_name,subscription_uuid) values (?,?)
2025-11-03T15:03:13.216+01:00 DEBUG 490575 --- [odm-platform-pp-notification-server] [o-auto-1-exec-1] m.m.a.RequestResponseBodyMethodProcessor : Using 'application/json', given [application/json, application/yaml, application/*+json] and supported [application/json, application/*+json, application/yaml]
2025-11-03T15:03:13.217+01:00 DEBUG 490575 --- [odm-platform-pp-notification-server] [o-auto-1-exec-1] m.m.a.RequestResponseBodyMethodProcessor : Writing [org.opendatamesh.platform.pp.notification.rest.v2.resources.subscription.SubscriptionRes@285e8850]
2025-11-03T15:03:13.224+01:00 DEBUG 490575 --- [odm-platform-pp-notification-server] [o-auto-1-exec-1] o.s.web.servlet.DispatcherServlet        : Completed 201 CREATED
2025-11-03T15:03:13.230+01:00 DEBUG 490575 --- [odm-platform-pp-notification-server] [           main] o.s.web.client.RestTemplate              : Response 201 CREATED
2025-11-03T15:03:13.233+01:00 DEBUG 490575 --- [odm-platform-pp-notification-server] [           main] o.s.web.client.RestTemplate              : Reading to [org.opendatamesh.platform.pp.notification.rest.v2.resources.subscription.SubscriptionRes]
2025-11-03T15:03:13.286+01:00 DEBUG 490575 --- [odm-platform-pp-notification-server] [           main] o.s.web.client.RestTemplate              : HTTP POST http://localhost:33515/api/v2/pp/notification/dispatch/dispatch
2025-11-03T15:03:13.287+01:00 DEBUG 490575 --- [odm-platform-pp-notification-server] [           main] o.s.web.client.RestTemplate              : Accept=[application/json, application/yaml, application/*+json]
2025-11-03T15:03:13.289+01:00 DEBUG 490575 --- [odm-platform-pp-notification-server] [           main] o.s.web.client.RestTemplate              : Writing [org.opendatamesh.platform.pp.notification.rest.v2.resources.event.EventRes@79360eff] with org.springframework.http.converter.json.MappingJackson2HttpMessageConverter
2025-11-03T15:03:13.292+01:00 DEBUG 490575 --- [odm-platform-pp-notification-server] [o-auto-1-exec-2] o.s.web.servlet.DispatcherServlet        : POST "/api/v2/pp/notification/dispatch/dispatch", parameters={}
2025-11-03T15:03:13.292+01:00 DEBUG 490575 --- [odm-platform-pp-notification-server] [o-auto-1-exec-2] s.w.s.m.m.a.RequestMappingHandlerMapping : Mapped to org.opendatamesh.platform.pp.notification.rest.v2.controllers.DispatchController#notifyEvent(EventRes)
2025-11-03T15:03:13.298+01:00 DEBUG 490575 --- [odm-platform-pp-notification-server] [o-auto-1-exec-2] m.m.a.RequestResponseBodyMethodProcessor : Read "application/json;charset=UTF-8" to [org.opendatamesh.platform.pp.notification.rest.v2.resources.event.EventRes@243a325d]
2025-11-03T15:03:13.299+01:00  INFO 490575 --- [odm-platform-pp-notification-server] [o-auto-1-exec-2] o.o.p.p.n.n.services.DispatchService     : Dispatching event: DATAPRODUCT_CREATED - Resource: dp-replay-test
2025-11-03T15:03:13.300+01:00 DEBUG 490575 --- [odm-platform-pp-notification-server] [o-auto-1-exec-2] org.hibernate.SQL                        : insert into public.events (created_at,event_content,event_type_version,resource_uuid,resource_type,event_type,updated_at) values (?,?,?,?,?,?,?)
Hibernate: insert into public.events (created_at,event_content,event_type_version,resource_uuid,resource_type,event_type,updated_at) values (?,?,?,?,?,?,?)
2025-11-03T15:03:13.304+01:00  INFO 490575 --- [odm-platform-pp-notification-server] [o-auto-1-exec-2] o.o.p.p.n.n.services.DispatchService     : Created event with ID: 1
2025-11-03T15:03:13.386+01:00 DEBUG 490575 --- [odm-platform-pp-notification-server] [o-auto-1-exec-2] org.hibernate.SQL                        : select s1_0.uuid,s1_0.created_at,s1_0.display_name,s1_0.name,s1_0.observer_server_base_url,s1_0.updated_at from public.subscriptions s1_0 offset ? rows fetch first ? rows only
Hibernate: select s1_0.uuid,s1_0.created_at,s1_0.display_name,s1_0.name,s1_0.observer_server_base_url,s1_0.updated_at from public.subscriptions s1_0 offset ? rows fetch first ? rows only
2025-11-03T15:03:13.407+01:00 DEBUG 490575 --- [odm-platform-pp-notification-server] [o-auto-1-exec-2] org.hibernate.SQL                        : select et1_0.subscription_uuid,et1_0.sequence_id,et1_0.event_name from public.subscriptions_events_types et1_0 where et1_0.subscription_uuid=?
Hibernate: select et1_0.subscription_uuid,et1_0.sequence_id,et1_0.event_name from public.subscriptions_events_types et1_0 where et1_0.subscription_uuid=?
2025-11-03T15:03:13.412+01:00  INFO 490575 --- [odm-platform-pp-notification-server] [o-auto-1-exec-2] o.o.p.p.n.n.services.DispatchService     : Notifying subscription: test-replay-1762178592959 for event: 1
2025-11-03T15:03:13.415+01:00 DEBUG 490575 --- [odm-platform-pp-notification-server] [o-auto-1-exec-2] org.hibernate.SQL                        : insert into public.notifications (error_message,event_id,notification_status,subscription_uuid) values (?,?,?,?)
Hibernate: insert into public.notifications (error_message,event_id,notification_status,subscription_uuid) values (?,?,?,?)
2025-11-03T15:03:13.421+01:00  INFO 490575 --- [odm-platform-pp-notification-server] [o-auto-1-exec-2] o.o.p.p.n.n.services.DispatchService     : Notification created and dispatched for subscription: 5490884b-2952-45e1-93ae-9a1761168596
2025-11-03T15:03:13.421+01:00  INFO 490575 --- [odm-platform-pp-notification-server] [onPool-worker-1] o.o.p.p.n.n.services.NotificationClient  : Sending notification 1 to subscription: 5490884b-2952-45e1-93ae-9a1761168596 at URL: http://localhost:8080/test/notifications
2025-11-03T15:03:13.421+01:00  INFO 490575 --- [odm-platform-pp-notification-server] [o-auto-1-exec-2] o.o.p.p.n.n.services.DispatchService     : Event dispatch completed for event ID: 1
2025-11-03T15:03:13.422+01:00 DEBUG 490575 --- [odm-platform-pp-notification-server] [o-auto-1-exec-2] o.s.web.servlet.DispatcherServlet        : Completed 202 ACCEPTED
2025-11-03T15:03:13.423+01:00 DEBUG 490575 --- [odm-platform-pp-notification-server] [onPool-worker-1] o.s.web.client.RestTemplate              : HTTP POST http://localhost:8080/test/notifications
2025-11-03T15:03:13.423+01:00 DEBUG 490575 --- [odm-platform-pp-notification-server] [           main] o.s.web.client.RestTemplate              : Response 202 ACCEPTED
2025-11-03T15:03:13.424+01:00 DEBUG 490575 --- [odm-platform-pp-notification-server] [onPool-worker-1] o.s.web.client.RestTemplate              : Accept=[text/plain, application/json, application/yaml, application/*+json, */*]
2025-11-03T15:03:13.427+01:00 DEBUG 490575 --- [odm-platform-pp-notification-server] [onPool-worker-1] o.s.web.client.RestTemplate              : Writing [org.opendatamesh.platform.pp.notification.rest.v2.resources.notification.NotificationRes@f148971] as "application/json"
2025-11-03T15:03:13.432+01:00 ERROR 490575 --- [odm-platform-pp-notification-server] [onPool-worker-1] o.o.p.p.n.n.services.NotificationClient  : Error sending notification 1 to subscription 5490884b-2952-45e1-93ae-9a1761168596: I/O error on POST request for "http://localhost:8080/test/notifications": Connect to http://localhost:8080 [localhost/127.0.0.1] failed: Connection refused

org.springframework.web.client.ResourceAccessException: I/O error on POST request for "http://localhost:8080/test/notifications": Connect to http://localhost:8080 [localhost/127.0.0.1] failed: Connection refused
	at org.springframework.web.client.RestTemplate.createResourceAccessException(RestTemplate.java:926) ~[spring-web-6.2.11.jar:6.2.11]
	at org.springframework.web.client.RestTemplate.doExecute(RestTemplate.java:906) ~[spring-web-6.2.11.jar:6.2.11]
	at org.springframework.web.client.RestTemplate.execute(RestTemplate.java:801) ~[spring-web-6.2.11.jar:6.2.11]
	at org.springframework.web.client.RestTemplate.exchange(RestTemplate.java:683) ~[spring-web-6.2.11.jar:6.2.11]
	at org.opendatamesh.platform.pp.notification.notification.services.NotificationClient.lambda$dispatchNotificationToSubscription$0(NotificationClient.java:44) ~[classes/:na]
	at java.base/java.util.concurrent.CompletableFuture$AsyncRun.run(CompletableFuture.java:1804) ~[na:na]
	at java.base/java.util.concurrent.CompletableFuture$AsyncRun.exec(CompletableFuture.java:1796) ~[na:na]
	at java.base/java.util.concurrent.ForkJoinTask.doExec(ForkJoinTask.java:387) ~[na:na]
	at java.base/java.util.concurrent.ForkJoinPool$WorkQueue.topLevelExec(ForkJoinPool.java:1312) ~[na:na]
	at java.base/java.util.concurrent.ForkJoinPool.scan(ForkJoinPool.java:1843) ~[na:na]
	at java.base/java.util.concurrent.ForkJoinPool.runWorker(ForkJoinPool.java:1808) ~[na:na]
	at java.base/java.util.concurrent.ForkJoinWorkerThread.run(ForkJoinWorkerThread.java:188) ~[na:na]
Caused by: org.apache.hc.client5.http.HttpHostConnectException: Connect to http://localhost:8080 [localhost/127.0.0.1] failed: Connection refused
	at java.base/sun.nio.ch.Net.pollConnect(Native Method) ~[na:na]
	at java.base/sun.nio.ch.Net.pollConnectNow(Net.java:682) ~[na:na]
	at java.base/sun.nio.ch.NioSocketImpl.timedFinishConnect(NioSocketImpl.java:542) ~[na:na]
	at java.base/sun.nio.ch.NioSocketImpl.connect(NioSocketImpl.java:592) ~[na:na]
	at java.base/java.net.SocksSocketImpl.connect(SocksSocketImpl.java:327) ~[na:na]
	at java.base/java.net.Socket.connect(Socket.java:751) ~[na:na]
	at org.apache.hc.client5.http.impl.io.DefaultHttpClientConnectionOperator.connect(DefaultHttpClientConnectionOperator.java:216) ~[httpclient5-5.4.1.jar:5.4.1]
	at org.apache.hc.client5.http.impl.io.PoolingHttpClientConnectionManager.connect(PoolingHttpClientConnectionManager.java:490) ~[httpclient5-5.4.1.jar:5.4.1]
	at org.apache.hc.client5.http.impl.classic.InternalExecRuntime.connectEndpoint(InternalExecRuntime.java:164) ~[httpclient5-5.4.1.jar:5.4.1]
	at org.apache.hc.client5.http.impl.classic.InternalExecRuntime.connectEndpoint(InternalExecRuntime.java:174) ~[httpclient5-5.4.1.jar:5.4.1]
	at org.apache.hc.client5.http.impl.classic.ConnectExec.execute(ConnectExec.java:144) ~[httpclient5-5.4.1.jar:5.4.1]
	at org.apache.hc.client5.http.impl.classic.ExecChainElement.execute(ExecChainElement.java:51) ~[httpclient5-5.4.1.jar:5.4.1]
	at org.apache.hc.client5.http.impl.classic.ProtocolExec.execute(ProtocolExec.java:192) ~[httpclient5-5.4.1.jar:5.4.1]
	at org.apache.hc.client5.http.impl.classic.ExecChainElement.execute(ExecChainElement.java:51) ~[httpclient5-5.4.1.jar:5.4.1]
	at org.apache.hc.client5.http.impl.classic.ContentCompressionExec.execute(ContentCompressionExec.java:150) ~[httpclient5-5.4.1.jar:5.4.1]
	at org.apache.hc.client5.http.impl.classic.ExecChainElement.execute(ExecChainElement.java:51) ~[httpclient5-5.4.1.jar:5.4.1]
	at org.apache.hc.client5.http.impl.classic.HttpRequestRetryExec.execute(HttpRequestRetryExec.java:113) ~[httpclient5-5.4.1.jar:5.4.1]
	at org.apache.hc.client5.http.impl.classic.ExecChainElement.execute(ExecChainElement.java:51) ~[httpclient5-5.4.1.jar:5.4.1]
	at org.apache.hc.client5.http.impl.classic.RedirectExec.execute(RedirectExec.java:110) ~[httpclient5-5.4.1.jar:5.4.1]
	at org.apache.hc.client5.http.impl.classic.ExecChainElement.execute(ExecChainElement.java:51) ~[httpclient5-5.4.1.jar:5.4.1]
	at org.apache.hc.client5.http.impl.classic.InternalHttpClient.doExecute(InternalHttpClient.java:174) ~[httpclient5-5.4.1.jar:5.4.1]
	at org.apache.hc.client5.http.impl.classic.CloseableHttpClient.execute(CloseableHttpClient.java:87) ~[httpclient5-5.4.1.jar:5.4.1]
	at org.apache.hc.client5.http.impl.classic.CloseableHttpClient.execute(CloseableHttpClient.java:55) ~[httpclient5-5.4.1.jar:5.4.1]
	at org.apache.hc.client5.http.classic.HttpClient.executeOpen(HttpClient.java:183) ~[httpclient5-5.4.1.jar:5.4.1]
	at org.springframework.http.client.HttpComponentsClientHttpRequest.executeInternal(HttpComponentsClientHttpRequest.java:99) ~[spring-web-6.2.11.jar:6.2.11]
	at org.springframework.http.client.AbstractStreamingClientHttpRequest.executeInternal(AbstractStreamingClientHttpRequest.java:71) ~[spring-web-6.2.11.jar:6.2.11]
	at org.springframework.http.client.AbstractClientHttpRequest.execute(AbstractClientHttpRequest.java:81) ~[spring-web-6.2.11.jar:6.2.11]
	at org.springframework.web.client.RestTemplate.doExecute(RestTemplate.java:900) ~[spring-web-6.2.11.jar:6.2.11]
	... 10 common frames omitted

2025-11-03T15:03:14.427+01:00 DEBUG 490575 --- [odm-platform-pp-notification-server] [           main] o.s.web.client.RestTemplate              : HTTP GET http://localhost:33515/api/v2/pp/notification/notifications?subscriptionUuid=5490884b-2952-45e1-93ae-9a1761168596
2025-11-03T15:03:14.427+01:00 DEBUG 490575 --- [odm-platform-pp-notification-server] [           main] o.s.web.client.RestTemplate              : Accept=[text/plain, application/json, application/yaml, application/*+json, */*]
2025-11-03T15:03:14.431+01:00 DEBUG 490575 --- [odm-platform-pp-notification-server] [o-auto-1-exec-3] o.s.web.servlet.DispatcherServlet        : GET "/api/v2/pp/notification/notifications?subscriptionUuid=5490884b-2952-45e1-93ae-9a1761168596", parameters={masked}
2025-11-03T15:03:14.433+01:00 DEBUG 490575 --- [odm-platform-pp-notification-server] [o-auto-1-exec-3] s.w.s.m.m.a.RequestMappingHandlerMapping : Mapped to org.opendatamesh.platform.pp.notification.rest.v2.controllers.NotificationController#searchNotifications(NotificationSearchOptions, Pageable)
2025-11-03T15:03:14.548+01:00 DEBUG 490575 --- [odm-platform-pp-notification-server] [o-auto-1-exec-3] org.hibernate.SQL                        : select n1_0.sequence_id,n1_0.error_message,n1_0.event_id,n1_0.notification_status,n1_0.subscription_uuid from public.notifications n1_0 join public.subscriptions s1_0 on s1_0.uuid=n1_0.subscription_uuid where s1_0.uuid=? offset ? rows fetch first ? rows only
Hibernate: select n1_0.sequence_id,n1_0.error_message,n1_0.event_id,n1_0.notification_status,n1_0.subscription_uuid from public.notifications n1_0 join public.subscriptions s1_0 on s1_0.uuid=n1_0.subscription_uuid where s1_0.uuid=? offset ? rows fetch first ? rows only
2025-11-03T15:03:14.576+01:00 DEBUG 490575 --- [odm-platform-pp-notification-server] [o-auto-1-exec-3] org.hibernate.SQL                        : select e1_0.sequence_id,e1_0.created_at,e1_0.event_content,e1_0.event_type_version,e1_0.resource_uuid,e1_0.resource_type,e1_0.event_type,e1_0.updated_at from public.events e1_0 where e1_0.sequence_id=?
Hibernate: select e1_0.sequence_id,e1_0.created_at,e1_0.event_content,e1_0.event_type_version,e1_0.resource_uuid,e1_0.resource_type,e1_0.event_type,e1_0.updated_at from public.events e1_0 where e1_0.sequence_id=?
2025-11-03T15:03:14.597+01:00 DEBUG 490575 --- [odm-platform-pp-notification-server] [o-auto-1-exec-3] org.hibernate.SQL                        : select s1_0.uuid,s1_0.created_at,s1_0.display_name,s1_0.name,s1_0.observer_server_base_url,s1_0.updated_at from public.subscriptions s1_0 where s1_0.uuid=?
Hibernate: select s1_0.uuid,s1_0.created_at,s1_0.display_name,s1_0.name,s1_0.observer_server_base_url,s1_0.updated_at from public.subscriptions s1_0 where s1_0.uuid=?
2025-11-03T15:03:14.600+01:00 DEBUG 490575 --- [odm-platform-pp-notification-server] [o-auto-1-exec-3] org.hibernate.SQL                        : select et1_0.subscription_uuid,et1_0.sequence_id,et1_0.event_name from public.subscriptions_events_types et1_0 where et1_0.subscription_uuid=?
Hibernate: select et1_0.subscription_uuid,et1_0.sequence_id,et1_0.event_name from public.subscriptions_events_types et1_0 where et1_0.subscription_uuid=?
2025-11-03T15:03:14.606+01:00  WARN 490575 --- [odm-platform-pp-notification-server] [o-auto-1-exec-3] ration$PageModule$WarningLoggingModifier : Serializing PageImpl instances as-is is not supported, meaning that there is no guarantee about the stability of the resulting JSON structure!
	For a stable JSON structure, please use Spring Data's PagedModel (globally via @EnableSpringDataWebSupport(pageSerializationMode = VIA_DTO))
	or Spring HATEOAS and Spring Data's PagedResourcesAssembler as documented in https://docs.spring.io/spring-data/commons/reference/repositories/core-extensions.html#core.web.pageables.

2025-11-03T15:03:14.610+01:00 DEBUG 490575 --- [odm-platform-pp-notification-server] [o-auto-1-exec-3] m.m.a.RequestResponseBodyMethodProcessor : Using 'application/json', given [text/plain, application/json, application/yaml, application/*+json, */*] and supported [application/json, application/*+json, application/yaml]
2025-11-03T15:03:14.611+01:00 DEBUG 490575 --- [odm-platform-pp-notification-server] [o-auto-1-exec-3] m.m.a.RequestResponseBodyMethodProcessor : Writing [Page 1 of 1 containing org.opendatamesh.platform.pp.notification.rest.v2.resources.notification.Noti (truncated)...]
2025-11-03T15:03:14.622+01:00 DEBUG 490575 --- [odm-platform-pp-notification-server] [o-auto-1-exec-3] o.s.web.servlet.DispatcherServlet        : Completed 200 OK
2025-11-03T15:03:14.622+01:00 DEBUG 490575 --- [odm-platform-pp-notification-server] [           main] o.s.web.client.RestTemplate              : Response 200 OK
2025-11-03T15:03:14.622+01:00 DEBUG 490575 --- [odm-platform-pp-notification-server] [           main] o.s.web.client.RestTemplate              : Reading to [java.lang.String] as "application/json"
2025-11-03T15:03:14.639+01:00 DEBUG 490575 --- [odm-platform-pp-notification-server] [           main] o.s.web.client.RestTemplate              : HTTP POST http://localhost:33515/api/v2/pp/notification/notifications/1/replay
2025-11-03T15:03:14.648+01:00 DEBUG 490575 --- [odm-platform-pp-notification-server] [           main] o.s.web.client.RestTemplate              : Accept=[application/json, application/yaml, application/*+json]
2025-11-03T15:03:14.650+01:00 DEBUG 490575 --- [odm-platform-pp-notification-server] [o-auto-1-exec-4] o.s.web.servlet.DispatcherServlet        : POST "/api/v2/pp/notification/notifications/1/replay", parameters={}
2025-11-03T15:03:14.650+01:00 DEBUG 490575 --- [odm-platform-pp-notification-server] [o-auto-1-exec-4] s.w.s.m.m.a.RequestMappingHandlerMapping : Mapped to org.opendatamesh.platform.pp.notification.rest.v2.controllers.NotificationUtilsController#replayNotification(Long)
2025-11-03T15:03:14.651+01:00  INFO 490575 --- [odm-platform-pp-notification-server] [o-auto-1-exec-4] o.o.p.p.n.n.s.NotificationUtilsService   : Replaying notification with ID: 1
2025-11-03T15:03:14.654+01:00 DEBUG 490575 --- [odm-platform-pp-notification-server] [o-auto-1-exec-4] org.hibernate.SQL                        : select n1_0.sequence_id,n1_0.error_message,n1_0.event_id,n1_0.notification_status,n1_0.subscription_uuid from public.notifications n1_0 where n1_0.sequence_id=?
Hibernate: select n1_0.sequence_id,n1_0.error_message,n1_0.event_id,n1_0.notification_status,n1_0.subscription_uuid from public.notifications n1_0 where n1_0.sequence_id=?
2025-11-03T15:03:14.656+01:00 DEBUG 490575 --- [odm-platform-pp-notification-server] [o-auto-1-exec-4] org.hibernate.SQL                        : select e1_0.sequence_id,e1_0.created_at,e1_0.event_content,e1_0.event_type_version,e1_0.resource_uuid,e1_0.resource_type,e1_0.event_type,e1_0.updated_at from public.events e1_0 where e1_0.sequence_id=?
Hibernate: select e1_0.sequence_id,e1_0.created_at,e1_0.event_content,e1_0.event_type_version,e1_0.resource_uuid,e1_0.resource_type,e1_0.event_type,e1_0.updated_at from public.events e1_0 where e1_0.sequence_id=?
2025-11-03T15:03:14.659+01:00 DEBUG 490575 --- [odm-platform-pp-notification-server] [o-auto-1-exec-4] org.hibernate.SQL                        : select s1_0.uuid,s1_0.created_at,s1_0.display_name,s1_0.name,s1_0.observer_server_base_url,s1_0.updated_at from public.subscriptions s1_0 where s1_0.uuid=?
Hibernate: select s1_0.uuid,s1_0.created_at,s1_0.display_name,s1_0.name,s1_0.observer_server_base_url,s1_0.updated_at from public.subscriptions s1_0 where s1_0.uuid=?
2025-11-03T15:03:14.660+01:00 DEBUG 490575 --- [odm-platform-pp-notification-server] [o-auto-1-exec-4] org.hibernate.SQL                        : select et1_0.subscription_uuid,et1_0.sequence_id,et1_0.event_name from public.subscriptions_events_types et1_0 where et1_0.subscription_uuid=?
Hibernate: select et1_0.subscription_uuid,et1_0.sequence_id,et1_0.event_name from public.subscriptions_events_types et1_0 where et1_0.subscription_uuid=?
2025-11-03T15:03:14.664+01:00 DEBUG 490575 --- [odm-platform-pp-notification-server] [o-auto-1-exec-4] org.hibernate.SQL                        : insert into public.notifications (error_message,event_id,notification_status,subscription_uuid) values (?,?,?,?)
Hibernate: insert into public.notifications (error_message,event_id,notification_status,subscription_uuid) values (?,?,?,?)
2025-11-03T15:03:14.666+01:00  INFO 490575 --- [odm-platform-pp-notification-server] [o-auto-1-exec-4] o.o.p.p.n.n.s.NotificationUtilsService   : Successfully replayed notification 1 as new notification 2
2025-11-03T15:03:14.666+01:00  INFO 490575 --- [odm-platform-pp-notification-server] [onPool-worker-1] o.o.p.p.n.n.services.NotificationClient  : Sending notification 2 to subscription: 5490884b-2952-45e1-93ae-9a1761168596 at URL: http://localhost:8080/test/notifications
2025-11-03T15:03:14.667+01:00 DEBUG 490575 --- [odm-platform-pp-notification-server] [onPool-worker-1] o.s.web.client.RestTemplate              : HTTP POST http://localhost:8080/test/notifications
2025-11-03T15:03:14.667+01:00 DEBUG 490575 --- [odm-platform-pp-notification-server] [onPool-worker-1] o.s.web.client.RestTemplate              : Accept=[text/plain, application/json, application/yaml, application/*+json, */*]
2025-11-03T15:03:14.667+01:00 DEBUG 490575 --- [odm-platform-pp-notification-server] [onPool-worker-1] o.s.web.client.RestTemplate              : Writing [org.opendatamesh.platform.pp.notification.rest.v2.resources.notification.NotificationRes@27c62030] as "application/json"
2025-11-03T15:03:14.668+01:00 ERROR 490575 --- [odm-platform-pp-notification-server] [onPool-worker-1] o.o.p.p.n.n.services.NotificationClient  : Error sending notification 2 to subscription 5490884b-2952-45e1-93ae-9a1761168596: I/O error on POST request for "http://localhost:8080/test/notifications": Connect to http://localhost:8080 [localhost/127.0.0.1] failed: Connection refused

org.springframework.web.client.ResourceAccessException: I/O error on POST request for "http://localhost:8080/test/notifications": Connect to http://localhost:8080 [localhost/127.0.0.1] failed: Connection refused
	at org.springframework.web.client.RestTemplate.createResourceAccessException(RestTemplate.java:926) ~[spring-web-6.2.11.jar:6.2.11]
	at org.springframework.web.client.RestTemplate.doExecute(RestTemplate.java:906) ~[spring-web-6.2.11.jar:6.2.11]
	at org.springframework.web.client.RestTemplate.execute(RestTemplate.java:801) ~[spring-web-6.2.11.jar:6.2.11]
	at org.springframework.web.client.RestTemplate.exchange(RestTemplate.java:683) ~[spring-web-6.2.11.jar:6.2.11]
	at org.opendatamesh.platform.pp.notification.notification.services.NotificationClient.lambda$dispatchNotificationToSubscription$0(NotificationClient.java:44) ~[classes/:na]
	at java.base/java.util.concurrent.CompletableFuture$AsyncRun.run(CompletableFuture.java:1804) ~[na:na]
	at java.base/java.util.concurrent.CompletableFuture$AsyncRun.exec(CompletableFuture.java:1796) ~[na:na]
	at java.base/java.util.concurrent.ForkJoinTask.doExec(ForkJoinTask.java:387) ~[na:na]
	at java.base/java.util.concurrent.ForkJoinPool$WorkQueue.topLevelExec(ForkJoinPool.java:1312) ~[na:na]
	at java.base/java.util.concurrent.ForkJoinPool.scan(ForkJoinPool.java:1843) ~[na:na]
	at java.base/java.util.concurrent.ForkJoinPool.runWorker(ForkJoinPool.java:1808) ~[na:na]
	at java.base/java.util.concurrent.ForkJoinWorkerThread.run(ForkJoinWorkerThread.java:188) ~[na:na]
Caused by: org.apache.hc.client5.http.HttpHostConnectException: Connect to http://localhost:8080 [localhost/127.0.0.1] failed: Connection refused
	at java.base/sun.nio.ch.Net.pollConnect(Native Method) ~[na:na]
	at java.base/sun.nio.ch.Net.pollConnectNow(Net.java:682) ~[na:na]
	at java.base/sun.nio.ch.NioSocketImpl.timedFinishConnect(NioSocketImpl.java:542) ~[na:na]
	at java.base/sun.nio.ch.NioSocketImpl.connect(NioSocketImpl.java:592) ~[na:na]
	at java.base/java.net.SocksSocketImpl.connect(SocksSocketImpl.java:327) ~[na:na]
	at java.base/java.net.Socket.connect(Socket.java:751) ~[na:na]
	at org.apache.hc.client5.http.impl.io.DefaultHttpClientConnectionOperator.connect(DefaultHttpClientConnectionOperator.java:216) ~[httpclient5-5.4.1.jar:5.4.1]
	at org.apache.hc.client5.http.impl.io.PoolingHttpClientConnectionManager.connect(PoolingHttpClientConnectionManager.java:490) ~[httpclient5-5.4.1.jar:5.4.1]
	at org.apache.hc.client5.http.impl.classic.InternalExecRuntime.connectEndpoint(InternalExecRuntime.java:164) ~[httpclient5-5.4.1.jar:5.4.1]
	at org.apache.hc.client5.http.impl.classic.InternalExecRuntime.connectEndpoint(InternalExecRuntime.java:174) ~[httpclient5-5.4.1.jar:5.4.1]
	at org.apache.hc.client5.http.impl.classic.ConnectExec.execute(ConnectExec.java:144) ~[httpclient5-5.4.1.jar:5.4.1]
	at org.apache.hc.client5.http.impl.classic.ExecChainElement.execute(ExecChainElement.java:51) ~[httpclient5-5.4.1.jar:5.4.1]
	at org.apache.hc.client5.http.impl.classic.ProtocolExec.execute(ProtocolExec.java:192) ~[httpclient5-5.4.1.jar:5.4.1]
	at org.apache.hc.client5.http.impl.classic.ExecChainElement.execute(ExecChainElement.java:51) ~[httpclient5-5.4.1.jar:5.4.1]
	at org.apache.hc.client5.http.impl.classic.ContentCompressionExec.execute(ContentCompressionExec.java:150) ~[httpclient5-5.4.1.jar:5.4.1]
	at org.apache.hc.client5.http.impl.classic.ExecChainElement.execute(ExecChainElement.java:51) ~[httpclient5-5.4.1.jar:5.4.1]
	at org.apache.hc.client5.http.impl.classic.HttpRequestRetryExec.execute(HttpRequestRetryExec.java:113) ~[httpclient5-5.4.1.jar:5.4.1]
	at org.apache.hc.client5.http.impl.classic.ExecChainElement.execute(ExecChainElement.java:51) ~[httpclient5-5.4.1.jar:5.4.1]
	at org.apache.hc.client5.http.impl.classic.RedirectExec.execute(RedirectExec.java:110) ~[httpclient5-5.4.1.jar:5.4.1]
	at org.apache.hc.client5.http.impl.classic.ExecChainElement.execute(ExecChainElement.java:51) ~[httpclient5-5.4.1.jar:5.4.1]
	at org.apache.hc.client5.http.impl.classic.InternalHttpClient.doExecute(InternalHttpClient.java:174) ~[httpclient5-5.4.1.jar:5.4.1]
	at org.apache.hc.client5.http.impl.classic.CloseableHttpClient.execute(CloseableHttpClient.java:87) ~[httpclient5-5.4.1.jar:5.4.1]
	at org.apache.hc.client5.http.impl.classic.CloseableHttpClient.execute(CloseableHttpClient.java:55) ~[httpclient5-5.4.1.jar:5.4.1]
	at org.apache.hc.client5.http.classic.HttpClient.executeOpen(HttpClient.java:183) ~[httpclient5-5.4.1.jar:5.4.1]
	at org.springframework.http.client.HttpComponentsClientHttpRequest.executeInternal(HttpComponentsClientHttpRequest.java:99) ~[spring-web-6.2.11.jar:6.2.11]
	at org.springframework.http.client.AbstractStreamingClientHttpRequest.executeInternal(AbstractStreamingClientHttpRequest.java:71) ~[spring-web-6.2.11.jar:6.2.11]
	at org.springframework.http.client.AbstractClientHttpRequest.execute(AbstractClientHttpRequest.java:81) ~[spring-web-6.2.11.jar:6.2.11]
	at org.springframework.web.client.RestTemplate.doExecute(RestTemplate.java:900) ~[spring-web-6.2.11.jar:6.2.11]
	... 10 common frames omitted

2025-11-03T15:03:14.670+01:00 DEBUG 490575 --- [odm-platform-pp-notification-server] [o-auto-1-exec-4] m.m.a.RequestResponseBodyMethodProcessor : Using 'application/json', given [application/json, application/yaml, application/*+json] and supported [application/json, application/*+json, application/yaml]
2025-11-03T15:03:14.670+01:00 DEBUG 490575 --- [odm-platform-pp-notification-server] [o-auto-1-exec-4] m.m.a.RequestResponseBodyMethodProcessor : Writing [org.opendatamesh.platform.pp.notification.rest.v2.resources.notification.NotificationRes@2eb2d674]
2025-11-03T15:03:14.671+01:00 DEBUG 490575 --- [odm-platform-pp-notification-server] [o-auto-1-exec-4] o.s.web.servlet.DispatcherServlet        : Completed 202 ACCEPTED
2025-11-03T15:03:14.671+01:00 DEBUG 490575 --- [odm-platform-pp-notification-server] [           main] o.s.web.client.RestTemplate              : Response 202 ACCEPTED
2025-11-03T15:03:14.672+01:00 DEBUG 490575 --- [odm-platform-pp-notification-server] [           main] o.s.web.client.RestTemplate              : Reading to [org.opendatamesh.platform.pp.notification.rest.v2.resources.notification.NotificationRes]
2025-11-03T15:03:15.674+01:00 DEBUG 490575 --- [odm-platform-pp-notification-server] [           main] o.s.web.client.RestTemplate              : HTTP GET http://localhost:33515/api/v2/pp/notification/notifications?subscriptionUuid=5490884b-2952-45e1-93ae-9a1761168596
2025-11-03T15:03:15.675+01:00 DEBUG 490575 --- [odm-platform-pp-notification-server] [           main] o.s.web.client.RestTemplate              : Accept=[text/plain, application/json, application/yaml, application/*+json, */*]
2025-11-03T15:03:15.678+01:00 DEBUG 490575 --- [odm-platform-pp-notification-server] [o-auto-1-exec-5] o.s.web.servlet.DispatcherServlet        : GET "/api/v2/pp/notification/notifications?subscriptionUuid=5490884b-2952-45e1-93ae-9a1761168596", parameters={masked}
2025-11-03T15:03:15.679+01:00 DEBUG 490575 --- [odm-platform-pp-notification-server] [o-auto-1-exec-5] s.w.s.m.m.a.RequestMappingHandlerMapping : Mapped to org.opendatamesh.platform.pp.notification.rest.v2.controllers.NotificationController#searchNotifications(NotificationSearchOptions, Pageable)
2025-11-03T15:03:15.682+01:00 DEBUG 490575 --- [odm-platform-pp-notification-server] [o-auto-1-exec-5] org.hibernate.SQL                        : select n1_0.sequence_id,n1_0.error_message,n1_0.event_id,n1_0.notification_status,n1_0.subscription_uuid from public.notifications n1_0 join public.subscriptions s1_0 on s1_0.uuid=n1_0.subscription_uuid where s1_0.uuid=? offset ? rows fetch first ? rows only
Hibernate: select n1_0.sequence_id,n1_0.error_message,n1_0.event_id,n1_0.notification_status,n1_0.subscription_uuid from public.notifications n1_0 join public.subscriptions s1_0 on s1_0.uuid=n1_0.subscription_uuid where s1_0.uuid=? offset ? rows fetch first ? rows only
2025-11-03T15:03:15.685+01:00 DEBUG 490575 --- [odm-platform-pp-notification-server] [o-auto-1-exec-5] org.hibernate.SQL                        : select e1_0.sequence_id,e1_0.created_at,e1_0.event_content,e1_0.event_type_version,e1_0.resource_uuid,e1_0.resource_type,e1_0.event_type,e1_0.updated_at from public.events e1_0 where e1_0.sequence_id=?
Hibernate: select e1_0.sequence_id,e1_0.created_at,e1_0.event_content,e1_0.event_type_version,e1_0.resource_uuid,e1_0.resource_type,e1_0.event_type,e1_0.updated_at from public.events e1_0 where e1_0.sequence_id=?
2025-11-03T15:03:15.687+01:00 DEBUG 490575 --- [odm-platform-pp-notification-server] [o-auto-1-exec-5] org.hibernate.SQL                        : select s1_0.uuid,s1_0.created_at,s1_0.display_name,s1_0.name,s1_0.observer_server_base_url,s1_0.updated_at from public.subscriptions s1_0 where s1_0.uuid=?
Hibernate: select s1_0.uuid,s1_0.created_at,s1_0.display_name,s1_0.name,s1_0.observer_server_base_url,s1_0.updated_at from public.subscriptions s1_0 where s1_0.uuid=?
2025-11-03T15:03:15.692+01:00 DEBUG 490575 --- [odm-platform-pp-notification-server] [o-auto-1-exec-5] org.hibernate.SQL                        : select et1_0.subscription_uuid,et1_0.sequence_id,et1_0.event_name from public.subscriptions_events_types et1_0 where et1_0.subscription_uuid=?
Hibernate: select et1_0.subscription_uuid,et1_0.sequence_id,et1_0.event_name from public.subscriptions_events_types et1_0 where et1_0.subscription_uuid=?
2025-11-03T15:03:15.697+01:00 DEBUG 490575 --- [odm-platform-pp-notification-server] [o-auto-1-exec-5] m.m.a.RequestResponseBodyMethodProcessor : Using 'application/json', given [text/plain, application/json, application/yaml, application/*+json, */*] and supported [application/json, application/*+json, application/yaml]
2025-11-03T15:03:15.697+01:00 DEBUG 490575 --- [odm-platform-pp-notification-server] [o-auto-1-exec-5] m.m.a.RequestResponseBodyMethodProcessor : Writing [Page 1 of 1 containing org.opendatamesh.platform.pp.notification.rest.v2.resources.notification.Noti (truncated)...]
2025-11-03T15:03:15.698+01:00 DEBUG 490575 --- [odm-platform-pp-notification-server] [o-auto-1-exec-5] o.s.web.servlet.DispatcherServlet        : Completed 200 OK
2025-11-03T15:03:15.698+01:00 DEBUG 490575 --- [odm-platform-pp-notification-server] [           main] o.s.web.client.RestTemplate              : Response 200 OK
2025-11-03T15:03:15.699+01:00 DEBUG 490575 --- [odm-platform-pp-notification-server] [           main] o.s.web.client.RestTemplate              : Reading to [java.lang.String] as "application/json"
2025-11-03T15:03:15.701+01:00 DEBUG 490575 --- [odm-platform-pp-notification-server] [           main] o.s.web.client.RestTemplate              : HTTP GET http://localhost:33515/api/v2/pp/notification/notifications/1
2025-11-03T15:03:15.701+01:00 DEBUG 490575 --- [odm-platform-pp-notification-server] [           main] o.s.web.client.RestTemplate              : Accept=[application/json, application/yaml, application/*+json]
2025-11-03T15:03:15.703+01:00 DEBUG 490575 --- [odm-platform-pp-notification-server] [o-auto-1-exec-6] o.s.web.servlet.DispatcherServlet        : GET "/api/v2/pp/notification/notifications/1", parameters={}
2025-11-03T15:03:15.706+01:00 DEBUG 490575 --- [odm-platform-pp-notification-server] [o-auto-1-exec-6] s.w.s.m.m.a.RequestMappingHandlerMapping : Mapped to org.opendatamesh.platform.pp.notification.rest.v2.controllers.NotificationController#getNotification(Long)
2025-11-03T15:03:15.708+01:00 DEBUG 490575 --- [odm-platform-pp-notification-server] [o-auto-1-exec-6] org.hibernate.SQL                        : select n1_0.sequence_id,n1_0.error_message,n1_0.event_id,n1_0.notification_status,n1_0.subscription_uuid from public.notifications n1_0 where n1_0.sequence_id=?
Hibernate: select n1_0.sequence_id,n1_0.error_message,n1_0.event_id,n1_0.notification_status,n1_0.subscription_uuid from public.notifications n1_0 where n1_0.sequence_id=?
2025-11-03T15:03:15.712+01:00 DEBUG 490575 --- [odm-platform-pp-notification-server] [o-auto-1-exec-6] org.hibernate.SQL                        : select e1_0.sequence_id,e1_0.created_at,e1_0.event_content,e1_0.event_type_version,e1_0.resource_uuid,e1_0.resource_type,e1_0.event_type,e1_0.updated_at from public.events e1_0 where e1_0.sequence_id=?
Hibernate: select e1_0.sequence_id,e1_0.created_at,e1_0.event_content,e1_0.event_type_version,e1_0.resource_uuid,e1_0.resource_type,e1_0.event_type,e1_0.updated_at from public.events e1_0 where e1_0.sequence_id=?
2025-11-03T15:03:15.714+01:00 DEBUG 490575 --- [odm-platform-pp-notification-server] [o-auto-1-exec-6] org.hibernate.SQL                        : select s1_0.uuid,s1_0.created_at,s1_0.display_name,s1_0.name,s1_0.observer_server_base_url,s1_0.updated_at from public.subscriptions s1_0 where s1_0.uuid=?
Hibernate: select s1_0.uuid,s1_0.created_at,s1_0.display_name,s1_0.name,s1_0.observer_server_base_url,s1_0.updated_at from public.subscriptions s1_0 where s1_0.uuid=?
2025-11-03T15:03:15.716+01:00 DEBUG 490575 --- [odm-platform-pp-notification-server] [o-auto-1-exec-6] org.hibernate.SQL                        : select et1_0.subscription_uuid,et1_0.sequence_id,et1_0.event_name from public.subscriptions_events_types et1_0 where et1_0.subscription_uuid=?
Hibernate: select et1_0.subscription_uuid,et1_0.sequence_id,et1_0.event_name from public.subscriptions_events_types et1_0 where et1_0.subscription_uuid=?
2025-11-03T15:03:15.718+01:00 DEBUG 490575 --- [odm-platform-pp-notification-server] [o-auto-1-exec-6] m.m.a.RequestResponseBodyMethodProcessor : Using 'application/json', given [application/json, application/yaml, application/*+json] and supported [application/json, application/*+json, application/yaml]
2025-11-03T15:03:15.719+01:00 DEBUG 490575 --- [odm-platform-pp-notification-server] [o-auto-1-exec-6] m.m.a.RequestResponseBodyMethodProcessor : Writing [org.opendatamesh.platform.pp.notification.rest.v2.resources.notification.NotificationRes@2526eebb]
2025-11-03T15:03:15.720+01:00 DEBUG 490575 --- [odm-platform-pp-notification-server] [o-auto-1-exec-6] o.s.web.servlet.DispatcherServlet        : Completed 200 OK
2025-11-03T15:03:15.720+01:00 DEBUG 490575 --- [odm-platform-pp-notification-server] [           main] o.s.web.client.RestTemplate              : Response 200 OK
2025-11-03T15:03:15.720+01:00 DEBUG 490575 --- [odm-platform-pp-notification-server] [           main] o.s.web.client.RestTemplate              : Reading to [org.opendatamesh.platform.pp.notification.rest.v2.resources.notification.NotificationRes]
2025-11-03T15:03:15.723+01:00 DEBUG 490575 --- [odm-platform-pp-notification-server] [           main] o.s.web.client.RestTemplate              : HTTP DELETE http://localhost:33515/api/v2/pp/notification/subscriptions/5490884b-2952-45e1-93ae-9a1761168596
2025-11-03T15:03:15.726+01:00 DEBUG 490575 --- [odm-platform-pp-notification-server] [o-auto-1-exec-7] o.s.web.servlet.DispatcherServlet        : DELETE "/api/v2/pp/notification/subscriptions/5490884b-2952-45e1-93ae-9a1761168596", parameters={}
2025-11-03T15:03:15.728+01:00 DEBUG 490575 --- [odm-platform-pp-notification-server] [o-auto-1-exec-7] s.w.s.m.m.a.RequestMappingHandlerMapping : Mapped to org.opendatamesh.platform.pp.notification.rest.v2.controllers.SubscriptionController#deleteSubscription(String)
2025-11-03T15:03:16.035+01:00 DEBUG 490575 --- [odm-platform-pp-notification-server] [o-auto-1-exec-7] org.hibernate.SQL                        : select count(*) from public.subscriptions s1_0 where s1_0.uuid=?
Hibernate: select count(*) from public.subscriptions s1_0 where s1_0.uuid=?
2025-11-03T15:03:16.039+01:00 DEBUG 490575 --- [odm-platform-pp-notification-server] [o-auto-1-exec-7] org.hibernate.SQL                        : select s1_0.uuid,s1_0.created_at,s1_0.display_name,s1_0.name,s1_0.observer_server_base_url,s1_0.updated_at from public.subscriptions s1_0 where s1_0.uuid=?
Hibernate: select s1_0.uuid,s1_0.created_at,s1_0.display_name,s1_0.name,s1_0.observer_server_base_url,s1_0.updated_at from public.subscriptions s1_0 where s1_0.uuid=?
2025-11-03T15:03:16.045+01:00 DEBUG 490575 --- [odm-platform-pp-notification-server] [o-auto-1-exec-7] org.hibernate.SQL                        : select et1_0.subscription_uuid,et1_0.sequence_id,et1_0.event_name from public.subscriptions_events_types et1_0 where et1_0.subscription_uuid=?
Hibernate: select et1_0.subscription_uuid,et1_0.sequence_id,et1_0.event_name from public.subscriptions_events_types et1_0 where et1_0.subscription_uuid=?
2025-11-03T15:03:16.054+01:00 DEBUG 490575 --- [odm-platform-pp-notification-server] [o-auto-1-exec-7] org.hibernate.SQL                        : delete from public.subscriptions where uuid=?
Hibernate: delete from public.subscriptions where uuid=?
2025-11-03T15:03:16.061+01:00 DEBUG 490575 --- [odm-platform-pp-notification-server] [o-auto-1-exec-7] m.m.a.RequestResponseBodyMethodProcessor : Using 'application/json', given [*/*] and supported [application/json, application/*+json, application/yaml]
2025-11-03T15:03:16.062+01:00 DEBUG 490575 --- [odm-platform-pp-notification-server] [o-auto-1-exec-7] m.m.a.RequestResponseBodyMethodProcessor : Nothing to write: null body
2025-11-03T15:03:16.063+01:00 DEBUG 490575 --- [odm-platform-pp-notification-server] [o-auto-1-exec-7] o.s.web.servlet.DispatcherServlet        : Completed 200 OK
2025-11-03T15:03:16.064+01:00 DEBUG 490575 --- [odm-platform-pp-notification-server] [           main] o.s.web.client.RestTemplate              : Response 200 OK
]]></system-out>
    <system-err><![CDATA[Mockito is currently self-attaching to enable the inline-mock-maker. This will no longer work in future releases of the JDK. Please add Mockito as an agent to your build as described in Mockito's documentation: https://javadoc.io/doc/org.mockito/mockito-core/latest/org.mockito/org/mockito/Mockito.html#0.3
WARNING: A Java agent has been loaded dynamically (/home/alfiogiulianofaro/.m2/repository/net/bytebuddy/byte-buddy-agent/1.17.7/byte-buddy-agent-1.17.7.jar)
WARNING: If a serviceability tool is in use, please run with -XX:+EnableDynamicAgentLoading to hide this warning
WARNING: If a serviceability tool is not in use, please run with -Djdk.instrument.traceUsage for more information
WARNING: Dynamic loading of agents will be disallowed by default in a future release
]]></system-err>
  </testcase>
  <testcase name="whenReplayNonExistentNotificationThenReturnNotFound" classname="org.opendatamesh.platform.pp.notification.rest.v2.it.controllers.NotificationReplayControllerIT" time="0.027">
    <system-out><![CDATA[2025-11-03T15:03:16.090+01:00 DEBUG 490575 --- [odm-platform-pp-notification-server] [           main] o.s.web.client.RestTemplate              : HTTP POST http://localhost:33515/api/v2/pp/notification/notifications/99999/replay
2025-11-03T15:03:16.091+01:00 DEBUG 490575 --- [odm-platform-pp-notification-server] [           main] o.s.web.client.RestTemplate              : Accept=[text/plain, application/json, application/yaml, application/*+json, */*]
2025-11-03T15:03:16.095+01:00 DEBUG 490575 --- [odm-platform-pp-notification-server] [o-auto-1-exec-8] o.s.web.servlet.DispatcherServlet        : POST "/api/v2/pp/notification/notifications/99999/replay", parameters={}
2025-11-03T15:03:16.095+01:00 DEBUG 490575 --- [odm-platform-pp-notification-server] [o-auto-1-exec-8] s.w.s.m.m.a.RequestMappingHandlerMapping : Mapped to org.opendatamesh.platform.pp.notification.rest.v2.controllers.NotificationUtilsController#replayNotification(Long)
2025-11-03T15:03:16.096+01:00  INFO 490575 --- [odm-platform-pp-notification-server] [o-auto-1-exec-8] o.o.p.p.n.n.s.NotificationUtilsService   : Replaying notification with ID: 99999
2025-11-03T15:03:16.097+01:00 DEBUG 490575 --- [odm-platform-pp-notification-server] [o-auto-1-exec-8] org.hibernate.SQL                        : select n1_0.sequence_id,n1_0.error_message,n1_0.event_id,n1_0.notification_status,n1_0.subscription_uuid from public.notifications n1_0 where n1_0.sequence_id=?
Hibernate: select n1_0.sequence_id,n1_0.error_message,n1_0.event_id,n1_0.notification_status,n1_0.subscription_uuid from public.notifications n1_0 where n1_0.sequence_id=?
2025-11-03T15:03:16.103+01:00 DEBUG 490575 --- [odm-platform-pp-notification-server] [o-auto-1-exec-8] .m.m.a.ExceptionHandlerExceptionResolver : Using @ExceptionHandler org.opendatamesh.platform.pp.notification.rest.ResponseExceptionHandler#handleNotFoundException(NotFoundException, WebRequest)
2025-11-03T15:03:16.107+01:00 DEBUG 490575 --- [odm-platform-pp-notification-server] [o-auto-1-exec-8] o.s.w.s.m.m.a.HttpEntityMethodProcessor  : Using 'application/json', given [text/plain, application/json, application/yaml, application/*+json, */*] and supported [application/json, application/*+json, application/yaml]
2025-11-03T15:03:16.108+01:00 DEBUG 490575 --- [odm-platform-pp-notification-server] [o-auto-1-exec-8] o.s.w.s.m.m.a.HttpEntityMethodProcessor  : Writing [org.opendatamesh.platform.pp.notification.rest.v2.resources.ErrorResponse@60ec8291]
2025-11-03T15:03:16.109+01:00 DEBUG 490575 --- [odm-platform-pp-notification-server] [o-auto-1-exec-8] .m.m.a.ExceptionHandlerExceptionResolver : Resolved [org.opendatamesh.platform.pp.notification.exceptions.NotFoundException: Original Notification not found]
2025-11-03T15:03:16.109+01:00 DEBUG 490575 --- [odm-platform-pp-notification-server] [           main] o.s.web.client.RestTemplate              : Response 404 NOT_FOUND
2025-11-03T15:03:16.110+01:00 DEBUG 490575 --- [odm-platform-pp-notification-server] [o-auto-1-exec-8] o.s.web.servlet.DispatcherServlet        : Completed 404 NOT_FOUND
2025-11-03T15:03:16.110+01:00 DEBUG 490575 --- [odm-platform-pp-notification-server] [           main] o.s.web.client.RestTemplate              : Reading to [java.lang.String] as "application/json"
]]></system-out>
  </testcase>
</testsuite>