<?xml version="1.0" encoding="UTF-8"?>
<testsuite xmlns:xsi="http://www.w3.org/2001/XMLSchema-instance" xsi:noNamespaceSchemaLocation="https://maven.apache.org/surefire/maven-failsafe-plugin/xsd/failsafe-test-report.xsd" version="3.0.2" name="org.opendatamesh.platform.pp.notification.rest.v2.it.controllers.DispatchControllerIT" time="0.259" tests="1" errors="0" skipped="0" failures="0">
  <properties>
[...]
</properties>
  <testcase name="testDispatchEvent" classname="org.opendatamesh.platform.pp.notification.rest.v2.it.controllers.DispatchControllerIT" time="0.233">
    <system-out><![CDATA[2025-10-30T15:14:51.765+01:00 DEBUG 5394 --- [odm-platform-pp-notification-server] [           main] o.s.web.client.RestTemplate              : HTTP POST http://localhost:42947/api/v2/pp/notification/subscriptions
2025-10-30T15:14:51.780+01:00 DEBUG 5394 --- [odm-platform-pp-notification-server] [           main] o.s.web.client.RestTemplate              : Accept=[application/json, application/yaml, application/*+json]
2025-10-30T15:14:51.784+01:00 DEBUG 5394 --- [odm-platform-pp-notification-server] [           main] o.s.web.client.RestTemplate              : Writing [org.opendatamesh.platform.pp.notification.rest.v2.resources.subscription.SubscriptionRes@50db0b17] with org.springframework.http.converter.json.MappingJackson2HttpMessageConverter
2025-10-30T15:14:51.788+01:00 DEBUG 5394 --- [odm-platform-pp-notification-server] [-auto-1-exec-10] o.s.web.servlet.DispatcherServlet        : POST "/api/v2/pp/notification/subscriptions", parameters={}
2025-10-30T15:14:51.789+01:00 DEBUG 5394 --- [odm-platform-pp-notification-server] [-auto-1-exec-10] s.w.s.m.m.a.RequestMappingHandlerMapping : Mapped to org.opendatamesh.platform.pp.notification.rest.v2.controllers.SubscriptionController#createSubscription(SubscriptionRes)
2025-10-30T15:14:51.790+01:00 DEBUG 5394 --- [odm-platform-pp-notification-server] [-auto-1-exec-10] m.m.a.RequestResponseBodyMethodProcessor : Read "application/json;charset=UTF-8" to [org.opendatamesh.platform.pp.notification.rest.v2.resources.subscription.SubscriptionRes@4ccfe5a7]
2025-10-30T15:14:51.791+01:00 DEBUG 5394 --- [odm-platform-pp-notification-server] [-auto-1-exec-10] org.hibernate.SQL                        : insert into public.subscriptions (created_at,display_name,name,observer_server_base_url,updated_at,uuid) values (?,?,?,?,?,?)
Hibernate: insert into public.subscriptions (created_at,display_name,name,observer_server_base_url,updated_at,uuid) values (?,?,?,?,?,?)
2025-10-30T15:14:51.794+01:00 DEBUG 5394 --- [odm-platform-pp-notification-server] [-auto-1-exec-10] org.hibernate.SQL                        : insert into public.subscriptions_events_types (event_name,subscription_uuid) values (?,?)
Hibernate: insert into public.subscriptions_events_types (event_name,subscription_uuid) values (?,?)
2025-10-30T15:14:51.804+01:00 DEBUG 5394 --- [odm-platform-pp-notification-server] [-auto-1-exec-10] m.m.a.RequestResponseBodyMethodProcessor : Using 'application/json', given [application/json, application/yaml, application/*+json] and supported [application/json, application/*+json, application/yaml]
2025-10-30T15:14:51.805+01:00 DEBUG 5394 --- [odm-platform-pp-notification-server] [-auto-1-exec-10] m.m.a.RequestResponseBodyMethodProcessor : Writing [org.opendatamesh.platform.pp.notification.rest.v2.resources.subscription.SubscriptionRes@108a544b]
2025-10-30T15:14:51.806+01:00 DEBUG 5394 --- [odm-platform-pp-notification-server] [-auto-1-exec-10] o.s.web.servlet.DispatcherServlet        : Completed 201 CREATED
2025-10-30T15:14:51.806+01:00 DEBUG 5394 --- [odm-platform-pp-notification-server] [           main] o.s.web.client.RestTemplate              : Response 201 CREATED
2025-10-30T15:14:51.807+01:00 DEBUG 5394 --- [odm-platform-pp-notification-server] [           main] o.s.web.client.RestTemplate              : Reading to [org.opendatamesh.platform.pp.notification.rest.v2.resources.subscription.SubscriptionRes]
2025-10-30T15:14:51.809+01:00 DEBUG 5394 --- [odm-platform-pp-notification-server] [           main] o.s.web.client.RestTemplate              : HTTP POST http://localhost:42947/api/v2/pp/notification/dispatch/dispatch
2025-10-30T15:14:51.811+01:00 DEBUG 5394 --- [odm-platform-pp-notification-server] [           main] o.s.web.client.RestTemplate              : Accept=[application/json, application/yaml, application/*+json]
2025-10-30T15:14:51.814+01:00 DEBUG 5394 --- [odm-platform-pp-notification-server] [           main] o.s.web.client.RestTemplate              : Writing [org.opendatamesh.platform.pp.notification.rest.v2.resources.event.EventRes@4f4a0e4] with org.springframework.http.converter.json.MappingJackson2HttpMessageConverter
2025-10-30T15:14:51.820+01:00 DEBUG 5394 --- [odm-platform-pp-notification-server] [o-auto-1-exec-1] o.s.web.servlet.DispatcherServlet        : POST "/api/v2/pp/notification/dispatch/dispatch", parameters={}
2025-10-30T15:14:51.821+01:00 DEBUG 5394 --- [odm-platform-pp-notification-server] [o-auto-1-exec-1] s.w.s.m.m.a.RequestMappingHandlerMapping : Mapped to org.opendatamesh.platform.pp.notification.rest.v2.controllers.DispatchController#notifyEvent(EventRes)
2025-10-30T15:14:51.823+01:00 DEBUG 5394 --- [odm-platform-pp-notification-server] [o-auto-1-exec-1] m.m.a.RequestResponseBodyMethodProcessor : Read "application/json;charset=UTF-8" to [org.opendatamesh.platform.pp.notification.rest.v2.resources.event.EventRes@98fcf3]
2025-10-30T15:14:51.823+01:00  INFO 5394 --- [odm-platform-pp-notification-server] [o-auto-1-exec-1] o.o.p.p.n.n.services.DispatchService     : Dispatching event: DATAPRODUCT_CREATED - Resource: dp-123
2025-10-30T15:14:51.825+01:00 DEBUG 5394 --- [odm-platform-pp-notification-server] [o-auto-1-exec-1] org.hibernate.SQL                        : insert into public.events (created_at,event_content,event_type_version,resource_uuid,resource_type,event_type,updated_at) values (?,?,?,?,?,?,?)
Hibernate: insert into public.events (created_at,event_content,event_type_version,resource_uuid,resource_type,event_type,updated_at) values (?,?,?,?,?,?,?)
2025-10-30T15:14:51.837+01:00  INFO 5394 --- [odm-platform-pp-notification-server] [o-auto-1-exec-1] o.o.p.p.n.n.services.DispatchService     : Created event with ID: 5
2025-10-30T15:14:51.840+01:00 DEBUG 5394 --- [odm-platform-pp-notification-server] [o-auto-1-exec-1] org.hibernate.SQL                        : select s1_0.uuid,s1_0.created_at,s1_0.display_name,s1_0.name,s1_0.observer_server_base_url,s1_0.updated_at from public.subscriptions s1_0 offset ? rows fetch first ? rows only
Hibernate: select s1_0.uuid,s1_0.created_at,s1_0.display_name,s1_0.name,s1_0.observer_server_base_url,s1_0.updated_at from public.subscriptions s1_0 offset ? rows fetch first ? rows only
2025-10-30T15:14:51.851+01:00 DEBUG 5394 --- [odm-platform-pp-notification-server] [o-auto-1-exec-1] org.hibernate.SQL                        : select et1_0.subscription_uuid,et1_0.sequence_id,et1_0.event_name from public.subscriptions_events_types et1_0 where et1_0.subscription_uuid=?
Hibernate: select et1_0.subscription_uuid,et1_0.sequence_id,et1_0.event_name from public.subscriptions_events_types et1_0 where et1_0.subscription_uuid=?
2025-10-30T15:14:51.852+01:00  INFO 5394 --- [odm-platform-pp-notification-server] [o-auto-1-exec-1] o.o.p.p.n.n.services.DispatchService     : Notifying subscription: test-observer-1761833691761 for event: 5
2025-10-30T15:14:51.853+01:00 DEBUG 5394 --- [odm-platform-pp-notification-server] [o-auto-1-exec-1] org.hibernate.SQL                        : insert into public.notifications (error_message,event_id,notification_status,subscription_uuid) values (?,?,?,?)
Hibernate: insert into public.notifications (error_message,event_id,notification_status,subscription_uuid) values (?,?,?,?)
2025-10-30T15:14:51.863+01:00  INFO 5394 --- [odm-platform-pp-notification-server] [onPool-worker-1] o.o.p.p.n.n.services.NotificationClient  : Sending notification 5 to subscription: 63db80ae-e495-4074-9b9c-96ca0462bbc5 at URL: http://localhost:8080/test/notifications
2025-10-30T15:14:51.863+01:00  INFO 5394 --- [odm-platform-pp-notification-server] [o-auto-1-exec-1] o.o.p.p.n.n.services.DispatchService     : Notification created and dispatched for subscription: 63db80ae-e495-4074-9b9c-96ca0462bbc5
2025-10-30T15:14:51.864+01:00  INFO 5394 --- [odm-platform-pp-notification-server] [o-auto-1-exec-1] o.o.p.p.n.n.services.DispatchService     : Event dispatch completed for event ID: 5
2025-10-30T15:14:51.865+01:00 DEBUG 5394 --- [odm-platform-pp-notification-server] [onPool-worker-1] o.s.web.client.RestTemplate              : HTTP POST http://localhost:8080/test/notifications
2025-10-30T15:14:51.865+01:00 DEBUG 5394 --- [odm-platform-pp-notification-server] [o-auto-1-exec-1] o.s.web.servlet.DispatcherServlet        : Completed 202 ACCEPTED
2025-10-30T15:14:51.866+01:00 DEBUG 5394 --- [odm-platform-pp-notification-server] [onPool-worker-1] o.s.web.client.RestTemplate              : Accept=[text/plain, application/json, application/yaml, application/*+json, */*]
2025-10-30T15:14:51.867+01:00 DEBUG 5394 --- [odm-platform-pp-notification-server] [onPool-worker-1] o.s.web.client.RestTemplate              : Writing [org.opendatamesh.platform.pp.notification.rest.v2.resources.notification.NotificationRes@78f0b43f] as "application/json"
2025-10-30T15:14:51.867+01:00 DEBUG 5394 --- [odm-platform-pp-notification-server] [           main] o.s.web.client.RestTemplate              : Response 202 ACCEPTED
2025-10-30T15:14:51.868+01:00 DEBUG 5394 --- [odm-platform-pp-notification-server] [           main] o.s.web.client.RestTemplate              : HTTP GET http://localhost:42947/api/v2/pp/notification/events
2025-10-30T15:14:51.868+01:00 DEBUG 5394 --- [odm-platform-pp-notification-server] [           main] o.s.web.client.RestTemplate              : Accept=[text/plain, application/json, application/yaml, application/*+json, */*]
2025-10-30T15:14:51.870+01:00 ERROR 5394 --- [odm-platform-pp-notification-server] [onPool-worker-1] o.o.p.p.n.n.services.NotificationClient  : Error sending notification 5 to subscription 63db80ae-e495-4074-9b9c-96ca0462bbc5: I/O error on POST request for "http://localhost:8080/test/notifications": Connect to http://localhost:8080 [localhost/127.0.0.1] failed: Connection refused

org.springframework.web.client.ResourceAccessException: I/O error on POST request for "http://localhost:8080/test/notifications": Connect to http://localhost:8080 [localhost/127.0.0.1] failed: Connection refused
	at org.springframework.web.client.RestTemplate.createResourceAccessException(RestTemplate.java:926) ~[spring-web-6.2.11.jar:6.2.11]
	at org.springframework.web.client.RestTemplate.doExecute(RestTemplate.java:906) ~[spring-web-6.2.11.jar:6.2.11]
	at org.springframework.web.client.RestTemplate.execute(RestTemplate.java:801) ~[spring-web-6.2.11.jar:6.2.11]
	at org.springframework.web.client.RestTemplate.exchange(RestTemplate.java:683) ~[spring-web-6.2.11.jar:6.2.11]
	at org.opendatamesh.platform.pp.notification.notification.services.NotificationClient.lambda$0(NotificationClient.java:44) ~[classes/:na]
	at java.base/java.util.concurrent.CompletableFuture$AsyncRun.run(CompletableFuture.java:1804) ~[na:na]
	at java.base/java.util.concurrent.CompletableFuture$AsyncRun.exec(CompletableFuture.java:1796) ~[na:na]
	at java.base/java.util.concurrent.ForkJoinTask.doExec(ForkJoinTask.java:387) ~[na:na]
	at java.base/java.util.concurrent.ForkJoinPool$WorkQueue.topLevelExec(ForkJoinPool.java:1312) ~[na:na]
	at java.base/java.util.concurrent.ForkJoinPool.scan(ForkJoinPool.java:1843) ~[na:na]
	at java.base/java.util.concurrent.ForkJoinPool.runWorker(ForkJoinPool.java:1808) ~[na:na]
	at java.base/java.util.concurrent.ForkJoinWorkerThread.run(ForkJoinWorkerThread.java:188) ~[na:na]
Caused by: org.apache.hc.client5.http.HttpHostConnectException: Connect to http://localhost:8080 [localhost/127.0.0.1] failed: Connection refused
	at java.base/sun.nio.ch.Net.pollConnect(Native Method) ~[na:na]
	at java.base/sun.nio.ch.Net.pollConnectNow(Net.java:682) ~[na:na]
	at java.base/sun.nio.ch.NioSocketImpl.timedFinishConnect(NioSocketImpl.java:542) ~[na:na]
	at java.base/sun.nio.ch.NioSocketImpl.connect(NioSocketImpl.java:592) ~[na:na]
	at java.base/java.net.SocksSocketImpl.connect(SocksSocketImpl.java:327) ~[na:na]
	at java.base/java.net.Socket.connect(Socket.java:751) ~[na:na]
	at org.apache.hc.client5.http.impl.io.DefaultHttpClientConnectionOperator.connect(DefaultHttpClientConnectionOperator.java:216) ~[httpclient5-5.4.1.jar:5.4.1]
	at org.apache.hc.client5.http.impl.io.PoolingHttpClientConnectionManager.connect(PoolingHttpClientConnectionManager.java:490) ~[httpclient5-5.4.1.jar:5.4.1]
	at org.apache.hc.client5.http.impl.classic.InternalExecRuntime.connectEndpoint(InternalExecRuntime.java:164) ~[httpclient5-5.4.1.jar:5.4.1]
	at org.apache.hc.client5.http.impl.classic.InternalExecRuntime.connectEndpoint(InternalExecRuntime.java:174) ~[httpclient5-5.4.1.jar:5.4.1]
	at org.apache.hc.client5.http.impl.classic.ConnectExec.execute(ConnectExec.java:144) ~[httpclient5-5.4.1.jar:5.4.1]
	at org.apache.hc.client5.http.impl.classic.ExecChainElement.execute(ExecChainElement.java:51) ~[httpclient5-5.4.1.jar:5.4.1]
	at org.apache.hc.client5.http.impl.classic.ProtocolExec.execute(ProtocolExec.java:192) ~[httpclient5-5.4.1.jar:5.4.1]
	at org.apache.hc.client5.http.impl.classic.ExecChainElement.execute(ExecChainElement.java:51) ~[httpclient5-5.4.1.jar:5.4.1]
	at org.apache.hc.client5.http.impl.classic.ContentCompressionExec.execute(ContentCompressionExec.java:150) ~[httpclient5-5.4.1.jar:5.4.1]
	at org.apache.hc.client5.http.impl.classic.ExecChainElement.execute(ExecChainElement.java:51) ~[httpclient5-5.4.1.jar:5.4.1]
	at org.apache.hc.client5.http.impl.classic.HttpRequestRetryExec.execute(HttpRequestRetryExec.java:113) ~[httpclient5-5.4.1.jar:5.4.1]
	at org.apache.hc.client5.http.impl.classic.ExecChainElement.execute(ExecChainElement.java:51) ~[httpclient5-5.4.1.jar:5.4.1]
	at org.apache.hc.client5.http.impl.classic.RedirectExec.execute(RedirectExec.java:110) ~[httpclient5-5.4.1.jar:5.4.1]
	at org.apache.hc.client5.http.impl.classic.ExecChainElement.execute(ExecChainElement.java:51) ~[httpclient5-5.4.1.jar:5.4.1]
	at org.apache.hc.client5.http.impl.classic.InternalHttpClient.doExecute(InternalHttpClient.java:174) ~[httpclient5-5.4.1.jar:5.4.1]
	at org.apache.hc.client5.http.impl.classic.CloseableHttpClient.execute(CloseableHttpClient.java:87) ~[httpclient5-5.4.1.jar:5.4.1]
	at org.apache.hc.client5.http.impl.classic.CloseableHttpClient.execute(CloseableHttpClient.java:55) ~[httpclient5-5.4.1.jar:5.4.1]
	at org.apache.hc.client5.http.classic.HttpClient.executeOpen(HttpClient.java:183) ~[httpclient5-5.4.1.jar:5.4.1]
	at org.springframework.http.client.HttpComponentsClientHttpRequest.executeInternal(HttpComponentsClientHttpRequest.java:99) ~[spring-web-6.2.11.jar:6.2.11]
	at org.springframework.http.client.AbstractStreamingClientHttpRequest.executeInternal(AbstractStreamingClientHttpRequest.java:71) ~[spring-web-6.2.11.jar:6.2.11]
	at org.springframework.http.client.AbstractClientHttpRequest.execute(AbstractClientHttpRequest.java:81) ~[spring-web-6.2.11.jar:6.2.11]
	at org.springframework.web.client.RestTemplate.doExecute(RestTemplate.java:900) ~[spring-web-6.2.11.jar:6.2.11]
	... 10 common frames omitted

2025-10-30T15:14:51.871+01:00 DEBUG 5394 --- [odm-platform-pp-notification-server] [o-auto-1-exec-2] o.s.web.servlet.DispatcherServlet        : GET "/api/v2/pp/notification/events", parameters={}
2025-10-30T15:14:51.872+01:00 DEBUG 5394 --- [odm-platform-pp-notification-server] [o-auto-1-exec-2] s.w.s.m.m.a.RequestMappingHandlerMapping : Mapped to org.opendatamesh.platform.pp.notification.rest.v2.controllers.EventController#searchEvents(Pageable)
2025-10-30T15:14:51.879+01:00 DEBUG 5394 --- [odm-platform-pp-notification-server] [o-auto-1-exec-2] org.hibernate.SQL                        : select e1_0.sequence_id,e1_0.created_at,e1_0.event_content,e1_0.event_type_version,e1_0.resource_uuid,e1_0.resource_type,e1_0.event_type,e1_0.updated_at from public.events e1_0 offset ? rows fetch first ? rows only
Hibernate: select e1_0.sequence_id,e1_0.created_at,e1_0.event_content,e1_0.event_type_version,e1_0.resource_uuid,e1_0.resource_type,e1_0.event_type,e1_0.updated_at from public.events e1_0 offset ? rows fetch first ? rows only
2025-10-30T15:14:51.889+01:00 DEBUG 5394 --- [odm-platform-pp-notification-server] [o-auto-1-exec-2] m.m.a.RequestResponseBodyMethodProcessor : Using 'application/json', given [text/plain, application/json, application/yaml, application/*+json, */*] and supported [application/json, application/*+json, application/yaml]
2025-10-30T15:14:51.889+01:00 DEBUG 5394 --- [odm-platform-pp-notification-server] [o-auto-1-exec-2] m.m.a.RequestResponseBodyMethodProcessor : Writing [Page 1 of 1 containing org.opendatamesh.platform.pp.notification.rest.v2.resources.event.EventRes in (truncated)...]
2025-10-30T15:14:51.891+01:00 DEBUG 5394 --- [odm-platform-pp-notification-server] [o-auto-1-exec-2] o.s.web.servlet.DispatcherServlet        : Completed 200 OK
2025-10-30T15:14:51.891+01:00 DEBUG 5394 --- [odm-platform-pp-notification-server] [           main] o.s.web.client.RestTemplate              : Response 200 OK
2025-10-30T15:14:51.892+01:00 DEBUG 5394 --- [odm-platform-pp-notification-server] [           main] o.s.web.client.RestTemplate              : Reading to [java.lang.String] as "application/json"
2025-10-30T15:14:51.894+01:00 DEBUG 5394 --- [odm-platform-pp-notification-server] [           main] o.s.web.client.RestTemplate              : HTTP GET http://localhost:42947/api/v2/pp/notification/notifications
2025-10-30T15:14:51.895+01:00 DEBUG 5394 --- [odm-platform-pp-notification-server] [           main] o.s.web.client.RestTemplate              : Accept=[text/plain, application/json, application/yaml, application/*+json, */*]
2025-10-30T15:14:51.902+01:00 DEBUG 5394 --- [odm-platform-pp-notification-server] [o-auto-1-exec-3] o.s.web.servlet.DispatcherServlet        : GET "/api/v2/pp/notification/notifications", parameters={}
2025-10-30T15:14:51.903+01:00 DEBUG 5394 --- [odm-platform-pp-notification-server] [o-auto-1-exec-3] s.w.s.m.m.a.RequestMappingHandlerMapping : Mapped to org.opendatamesh.platform.pp.notification.rest.v2.controllers.NotificationController#searchNotifications(Pageable)
2025-10-30T15:14:51.909+01:00 DEBUG 5394 --- [odm-platform-pp-notification-server] [o-auto-1-exec-3] org.hibernate.SQL                        : select n1_0.sequence_id,n1_0.error_message,n1_0.event_id,n1_0.notification_status,n1_0.subscription_uuid from public.notifications n1_0 offset ? rows fetch first ? rows only
Hibernate: select n1_0.sequence_id,n1_0.error_message,n1_0.event_id,n1_0.notification_status,n1_0.subscription_uuid from public.notifications n1_0 offset ? rows fetch first ? rows only
2025-10-30T15:14:51.917+01:00 DEBUG 5394 --- [odm-platform-pp-notification-server] [o-auto-1-exec-3] org.hibernate.SQL                        : select e1_0.sequence_id,e1_0.created_at,e1_0.event_content,e1_0.event_type_version,e1_0.resource_uuid,e1_0.resource_type,e1_0.event_type,e1_0.updated_at from public.events e1_0 where e1_0.sequence_id=?
Hibernate: select e1_0.sequence_id,e1_0.created_at,e1_0.event_content,e1_0.event_type_version,e1_0.resource_uuid,e1_0.resource_type,e1_0.event_type,e1_0.updated_at from public.events e1_0 where e1_0.sequence_id=?
2025-10-30T15:14:51.920+01:00 DEBUG 5394 --- [odm-platform-pp-notification-server] [o-auto-1-exec-3] org.hibernate.SQL                        : select s1_0.uuid,s1_0.created_at,s1_0.display_name,s1_0.name,s1_0.observer_server_base_url,s1_0.updated_at from public.subscriptions s1_0 where s1_0.uuid=?
Hibernate: select s1_0.uuid,s1_0.created_at,s1_0.display_name,s1_0.name,s1_0.observer_server_base_url,s1_0.updated_at from public.subscriptions s1_0 where s1_0.uuid=?
2025-10-30T15:14:51.926+01:00 DEBUG 5394 --- [odm-platform-pp-notification-server] [o-auto-1-exec-3] org.hibernate.SQL                        : select et1_0.subscription_uuid,et1_0.sequence_id,et1_0.event_name from public.subscriptions_events_types et1_0 where et1_0.subscription_uuid=?
Hibernate: select et1_0.subscription_uuid,et1_0.sequence_id,et1_0.event_name from public.subscriptions_events_types et1_0 where et1_0.subscription_uuid=?
2025-10-30T15:14:51.934+01:00 DEBUG 5394 --- [odm-platform-pp-notification-server] [o-auto-1-exec-3] m.m.a.RequestResponseBodyMethodProcessor : Using 'application/json', given [text/plain, application/json, application/yaml, application/*+json, */*] and supported [application/json, application/*+json, application/yaml]
2025-10-30T15:14:51.935+01:00 DEBUG 5394 --- [odm-platform-pp-notification-server] [o-auto-1-exec-3] m.m.a.RequestResponseBodyMethodProcessor : Writing [Page 1 of 1 containing org.opendatamesh.platform.pp.notification.rest.v2.resources.notification.Noti (truncated)...]
2025-10-30T15:14:51.937+01:00 DEBUG 5394 --- [odm-platform-pp-notification-server] [o-auto-1-exec-3] o.s.web.servlet.DispatcherServlet        : Completed 200 OK
2025-10-30T15:14:51.937+01:00 DEBUG 5394 --- [odm-platform-pp-notification-server] [           main] o.s.web.client.RestTemplate              : Response 200 OK
2025-10-30T15:14:51.937+01:00 DEBUG 5394 --- [odm-platform-pp-notification-server] [           main] o.s.web.client.RestTemplate              : Reading to [java.lang.String] as "application/json"
2025-10-30T15:14:51.938+01:00 DEBUG 5394 --- [odm-platform-pp-notification-server] [           main] o.s.web.client.RestTemplate              : HTTP DELETE http://localhost:42947/api/v2/pp/notification/subscriptions/63db80ae-e495-4074-9b9c-96ca0462bbc5
2025-10-30T15:14:51.942+01:00 DEBUG 5394 --- [odm-platform-pp-notification-server] [o-auto-1-exec-4] o.s.web.servlet.DispatcherServlet        : DELETE "/api/v2/pp/notification/subscriptions/63db80ae-e495-4074-9b9c-96ca0462bbc5", parameters={}
2025-10-30T15:14:51.943+01:00 DEBUG 5394 --- [odm-platform-pp-notification-server] [o-auto-1-exec-4] s.w.s.m.m.a.RequestMappingHandlerMapping : Mapped to org.opendatamesh.platform.pp.notification.rest.v2.controllers.SubscriptionController#deleteSubscription(String)
2025-10-30T15:14:51.947+01:00 DEBUG 5394 --- [odm-platform-pp-notification-server] [o-auto-1-exec-4] org.hibernate.SQL                        : select count(*) from public.subscriptions s1_0 where s1_0.uuid=?
Hibernate: select count(*) from public.subscriptions s1_0 where s1_0.uuid=?
2025-10-30T15:14:51.953+01:00 DEBUG 5394 --- [odm-platform-pp-notification-server] [o-auto-1-exec-4] org.hibernate.SQL                        : select s1_0.uuid,s1_0.created_at,s1_0.display_name,s1_0.name,s1_0.observer_server_base_url,s1_0.updated_at from public.subscriptions s1_0 where s1_0.uuid=?
Hibernate: select s1_0.uuid,s1_0.created_at,s1_0.display_name,s1_0.name,s1_0.observer_server_base_url,s1_0.updated_at from public.subscriptions s1_0 where s1_0.uuid=?
2025-10-30T15:14:51.958+01:00 DEBUG 5394 --- [odm-platform-pp-notification-server] [o-auto-1-exec-4] org.hibernate.SQL                        : select et1_0.subscription_uuid,et1_0.sequence_id,et1_0.event_name from public.subscriptions_events_types et1_0 where et1_0.subscription_uuid=?
Hibernate: select et1_0.subscription_uuid,et1_0.sequence_id,et1_0.event_name from public.subscriptions_events_types et1_0 where et1_0.subscription_uuid=?
2025-10-30T15:14:51.964+01:00 DEBUG 5394 --- [odm-platform-pp-notification-server] [o-auto-1-exec-4] org.hibernate.SQL                        : delete from public.subscriptions where uuid=?
Hibernate: delete from public.subscriptions where uuid=?
2025-10-30T15:14:51.971+01:00 DEBUG 5394 --- [odm-platform-pp-notification-server] [o-auto-1-exec-4] m.m.a.RequestResponseBodyMethodProcessor : Using 'application/json', given [*/*] and supported [application/json, application/*+json, application/yaml]
2025-10-30T15:14:51.974+01:00 DEBUG 5394 --- [odm-platform-pp-notification-server] [o-auto-1-exec-4] m.m.a.RequestResponseBodyMethodProcessor : Nothing to write: null body
2025-10-30T15:14:51.977+01:00 DEBUG 5394 --- [odm-platform-pp-notification-server] [o-auto-1-exec-4] o.s.web.servlet.DispatcherServlet        : Completed 200 OK
2025-10-30T15:14:51.981+01:00 DEBUG 5394 --- [odm-platform-pp-notification-server] [           main] o.s.web.client.RestTemplate              : Response 200 OK
]]></system-out>
  </testcase>
</testsuite>