<?xml version="1.0" encoding="UTF-8"?>
<testsuite xmlns:xsi="http://www.w3.org/2001/XMLSchema-instance" xsi:noNamespaceSchemaLocation="https://maven.apache.org/surefire/maven-failsafe-plugin/xsd/failsafe-test-report.xsd" version="3.0.2" name="org.opendatamesh.platform.pp.notification.rest.v2.it.controllers.SubscriptionControllerIT" time="1.325" tests="3" errors="0" skipped="0" failures="0">
  <properties>
[...]
</properties>
  <testcase name="whenCreateSubscriptionWithSpecificEventTypesThenReturnCreatedSubscription" classname="org.opendatamesh.platform.pp.notification.rest.v2.it.controllers.SubscriptionControllerIT" time="1.064">
    <system-out><![CDATA[2025-10-30T15:14:47.018+01:00 DEBUG 5394 --- [odm-platform-pp-notification-server] [           main] o.s.web.client.RestTemplate              : HTTP POST http://localhost:42947/api/v2/pp/notification/subscriptions
2025-10-30T15:14:47.033+01:00 DEBUG 5394 --- [odm-platform-pp-notification-server] [           main] o.s.web.client.RestTemplate              : Accept=[application/json, application/yaml, application/*+json]
2025-10-30T15:14:47.037+01:00 DEBUG 5394 --- [odm-platform-pp-notification-server] [           main] o.s.web.client.RestTemplate              : Writing [org.opendatamesh.platform.pp.notification.rest.v2.resources.subscription.SubscriptionRes@5bae7317] with org.springframework.http.converter.json.MappingJackson2HttpMessageConverter
2025-10-30T15:14:47.057+01:00 DEBUG 5394 --- [odm-platform-pp-notification-server] [o-auto-1-exec-4] o.s.web.servlet.DispatcherServlet        : POST "/api/v2/pp/notification/subscriptions", parameters={}
2025-10-30T15:14:47.059+01:00 DEBUG 5394 --- [odm-platform-pp-notification-server] [o-auto-1-exec-4] s.w.s.m.m.a.RequestMappingHandlerMapping : Mapped to org.opendatamesh.platform.pp.notification.rest.v2.controllers.SubscriptionController#createSubscription(SubscriptionRes)
2025-10-30T15:14:47.076+01:00 DEBUG 5394 --- [odm-platform-pp-notification-server] [o-auto-1-exec-4] m.m.a.RequestResponseBodyMethodProcessor : Read "application/json;charset=UTF-8" to [org.opendatamesh.platform.pp.notification.rest.v2.resources.subscription.SubscriptionRes@6b3047f3]
2025-10-30T15:14:47.166+01:00 DEBUG 5394 --- [odm-platform-pp-notification-server] [o-auto-1-exec-4] org.hibernate.SQL                        : insert into public.subscriptions (created_at,display_name,name,observer_server_base_url,updated_at,uuid) values (?,?,?,?,?,?)
Hibernate: insert into public.subscriptions (created_at,display_name,name,observer_server_base_url,updated_at,uuid) values (?,?,?,?,?,?)
2025-10-30T15:14:47.181+01:00 DEBUG 5394 --- [odm-platform-pp-notification-server] [o-auto-1-exec-4] org.hibernate.SQL                        : insert into public.subscriptions_events_types (event_name,subscription_uuid) values (?,?)
Hibernate: insert into public.subscriptions_events_types (event_name,subscription_uuid) values (?,?)
2025-10-30T15:14:47.201+01:00 DEBUG 5394 --- [odm-platform-pp-notification-server] [o-auto-1-exec-4] org.hibernate.SQL                        : insert into public.subscriptions_events_types (event_name,subscription_uuid) values (?,?)
Hibernate: insert into public.subscriptions_events_types (event_name,subscription_uuid) values (?,?)
2025-10-30T15:14:47.250+01:00 DEBUG 5394 --- [odm-platform-pp-notification-server] [o-auto-1-exec-4] m.m.a.RequestResponseBodyMethodProcessor : Using 'application/json', given [application/json, application/yaml, application/*+json] and supported [application/json, application/*+json, application/yaml]
2025-10-30T15:14:47.251+01:00 DEBUG 5394 --- [odm-platform-pp-notification-server] [o-auto-1-exec-4] m.m.a.RequestResponseBodyMethodProcessor : Writing [org.opendatamesh.platform.pp.notification.rest.v2.resources.subscription.SubscriptionRes@6b1bc9e5]
2025-10-30T15:14:47.265+01:00 DEBUG 5394 --- [odm-platform-pp-notification-server] [           main] o.s.web.client.RestTemplate              : Response 201 CREATED
2025-10-30T15:14:47.265+01:00 DEBUG 5394 --- [odm-platform-pp-notification-server] [           main] o.s.web.client.RestTemplate              : Reading to [org.opendatamesh.platform.pp.notification.rest.v2.resources.subscription.SubscriptionRes]
2025-10-30T15:14:47.265+01:00 DEBUG 5394 --- [odm-platform-pp-notification-server] [o-auto-1-exec-4] o.s.web.servlet.DispatcherServlet        : Completed 201 CREATED
2025-10-30T15:14:47.300+01:00 DEBUG 5394 --- [odm-platform-pp-notification-server] [           main] o.s.web.client.RestTemplate              : HTTP DELETE http://localhost:42947/api/v2/pp/notification/subscriptions/d22fab60-0148-454b-ba56-579fc6e9933d
2025-10-30T15:14:47.307+01:00 DEBUG 5394 --- [odm-platform-pp-notification-server] [o-auto-1-exec-5] o.s.web.servlet.DispatcherServlet        : DELETE "/api/v2/pp/notification/subscriptions/d22fab60-0148-454b-ba56-579fc6e9933d", parameters={}
2025-10-30T15:14:47.309+01:00 DEBUG 5394 --- [odm-platform-pp-notification-server] [o-auto-1-exec-5] s.w.s.m.m.a.RequestMappingHandlerMapping : Mapped to org.opendatamesh.platform.pp.notification.rest.v2.controllers.SubscriptionController#deleteSubscription(String)
2025-10-30T15:14:47.963+01:00 DEBUG 5394 --- [odm-platform-pp-notification-server] [o-auto-1-exec-5] org.hibernate.SQL                        : select count(*) from public.subscriptions s1_0 where s1_0.uuid=?
Hibernate: select count(*) from public.subscriptions s1_0 where s1_0.uuid=?
2025-10-30T15:14:47.974+01:00 DEBUG 5394 --- [odm-platform-pp-notification-server] [o-auto-1-exec-5] org.hibernate.SQL                        : select s1_0.uuid,s1_0.created_at,s1_0.display_name,s1_0.name,s1_0.observer_server_base_url,s1_0.updated_at from public.subscriptions s1_0 where s1_0.uuid=?
Hibernate: select s1_0.uuid,s1_0.created_at,s1_0.display_name,s1_0.name,s1_0.observer_server_base_url,s1_0.updated_at from public.subscriptions s1_0 where s1_0.uuid=?
2025-10-30T15:14:48.005+01:00 DEBUG 5394 --- [odm-platform-pp-notification-server] [o-auto-1-exec-5] org.hibernate.SQL                        : select et1_0.subscription_uuid,et1_0.sequence_id,et1_0.event_name from public.subscriptions_events_types et1_0 where et1_0.subscription_uuid=?
Hibernate: select et1_0.subscription_uuid,et1_0.sequence_id,et1_0.event_name from public.subscriptions_events_types et1_0 where et1_0.subscription_uuid=?
2025-10-30T15:14:48.033+01:00 DEBUG 5394 --- [odm-platform-pp-notification-server] [o-auto-1-exec-5] org.hibernate.SQL                        : delete from public.subscriptions where uuid=?
Hibernate: delete from public.subscriptions where uuid=?
2025-10-30T15:14:48.053+01:00 DEBUG 5394 --- [odm-platform-pp-notification-server] [o-auto-1-exec-5] m.m.a.RequestResponseBodyMethodProcessor : Using 'application/json', given [*/*] and supported [application/json, application/*+json, application/yaml]
2025-10-30T15:14:48.054+01:00 DEBUG 5394 --- [odm-platform-pp-notification-server] [o-auto-1-exec-5] m.m.a.RequestResponseBodyMethodProcessor : Nothing to write: null body
2025-10-30T15:14:48.057+01:00 DEBUG 5394 --- [odm-platform-pp-notification-server] [o-auto-1-exec-5] o.s.web.servlet.DispatcherServlet        : Completed 200 OK
2025-10-30T15:14:48.064+01:00 DEBUG 5394 --- [odm-platform-pp-notification-server] [           main] o.s.web.client.RestTemplate              : Response 200 OK
]]></system-out>
  </testcase>
  <testcase name="whenCreateSubscriptionWithAllEventTypesThenReturnCreatedSubscription" classname="org.opendatamesh.platform.pp.notification.rest.v2.it.controllers.SubscriptionControllerIT" time="0.135">
    <system-out><![CDATA[2025-10-30T15:14:48.095+01:00 DEBUG 5394 --- [odm-platform-pp-notification-server] [           main] o.s.web.client.RestTemplate              : HTTP POST http://localhost:42947/api/v2/pp/notification/subscriptions
2025-10-30T15:14:48.104+01:00 DEBUG 5394 --- [odm-platform-pp-notification-server] [           main] o.s.web.client.RestTemplate              : Accept=[application/json, application/yaml, application/*+json]
2025-10-30T15:14:48.105+01:00 DEBUG 5394 --- [odm-platform-pp-notification-server] [           main] o.s.web.client.RestTemplate              : Writing [org.opendatamesh.platform.pp.notification.rest.v2.resources.subscription.SubscriptionRes@319267ad] with org.springframework.http.converter.json.MappingJackson2HttpMessageConverter
2025-10-30T15:14:48.111+01:00 DEBUG 5394 --- [odm-platform-pp-notification-server] [o-auto-1-exec-7] o.s.web.servlet.DispatcherServlet        : POST "/api/v2/pp/notification/subscriptions", parameters={}
2025-10-30T15:14:48.113+01:00 DEBUG 5394 --- [odm-platform-pp-notification-server] [o-auto-1-exec-7] s.w.s.m.m.a.RequestMappingHandlerMapping : Mapped to org.opendatamesh.platform.pp.notification.rest.v2.controllers.SubscriptionController#createSubscription(SubscriptionRes)
2025-10-30T15:14:48.119+01:00 DEBUG 5394 --- [odm-platform-pp-notification-server] [o-auto-1-exec-7] m.m.a.RequestResponseBodyMethodProcessor : Read "application/json;charset=UTF-8" to [org.opendatamesh.platform.pp.notification.rest.v2.resources.subscription.SubscriptionRes@12c2a811]
2025-10-30T15:14:48.134+01:00 DEBUG 5394 --- [odm-platform-pp-notification-server] [o-auto-1-exec-7] org.hibernate.SQL                        : insert into public.subscriptions (created_at,display_name,name,observer_server_base_url,updated_at,uuid) values (?,?,?,?,?,?)
Hibernate: insert into public.subscriptions (created_at,display_name,name,observer_server_base_url,updated_at,uuid) values (?,?,?,?,?,?)
2025-10-30T15:14:48.138+01:00 DEBUG 5394 --- [odm-platform-pp-notification-server] [o-auto-1-exec-7] m.m.a.RequestResponseBodyMethodProcessor : Using 'application/json', given [application/json, application/yaml, application/*+json] and supported [application/json, application/*+json, application/yaml]
2025-10-30T15:14:48.138+01:00 DEBUG 5394 --- [odm-platform-pp-notification-server] [o-auto-1-exec-7] m.m.a.RequestResponseBodyMethodProcessor : Writing [org.opendatamesh.platform.pp.notification.rest.v2.resources.subscription.SubscriptionRes@198be552]
2025-10-30T15:14:48.140+01:00 DEBUG 5394 --- [odm-platform-pp-notification-server] [           main] o.s.web.client.RestTemplate              : Response 201 CREATED
2025-10-30T15:14:48.140+01:00 DEBUG 5394 --- [odm-platform-pp-notification-server] [o-auto-1-exec-7] o.s.web.servlet.DispatcherServlet        : Completed 201 CREATED
2025-10-30T15:14:48.140+01:00 DEBUG 5394 --- [odm-platform-pp-notification-server] [           main] o.s.web.client.RestTemplate              : Reading to [org.opendatamesh.platform.pp.notification.rest.v2.resources.subscription.SubscriptionRes]
2025-10-30T15:14:48.142+01:00 DEBUG 5394 --- [odm-platform-pp-notification-server] [           main] o.s.web.client.RestTemplate              : HTTP DELETE http://localhost:42947/api/v2/pp/notification/subscriptions/660d7e98-8593-4eaf-8899-29b16c07b882
2025-10-30T15:14:48.154+01:00 DEBUG 5394 --- [odm-platform-pp-notification-server] [o-auto-1-exec-8] o.s.web.servlet.DispatcherServlet        : DELETE "/api/v2/pp/notification/subscriptions/660d7e98-8593-4eaf-8899-29b16c07b882", parameters={}
2025-10-30T15:14:48.155+01:00 DEBUG 5394 --- [odm-platform-pp-notification-server] [o-auto-1-exec-8] s.w.s.m.m.a.RequestMappingHandlerMapping : Mapped to org.opendatamesh.platform.pp.notification.rest.v2.controllers.SubscriptionController#deleteSubscription(String)
2025-10-30T15:14:48.171+01:00 DEBUG 5394 --- [odm-platform-pp-notification-server] [o-auto-1-exec-8] org.hibernate.SQL                        : select count(*) from public.subscriptions s1_0 where s1_0.uuid=?
Hibernate: select count(*) from public.subscriptions s1_0 where s1_0.uuid=?
2025-10-30T15:14:48.176+01:00 DEBUG 5394 --- [odm-platform-pp-notification-server] [o-auto-1-exec-8] org.hibernate.SQL                        : select s1_0.uuid,s1_0.created_at,s1_0.display_name,s1_0.name,s1_0.observer_server_base_url,s1_0.updated_at from public.subscriptions s1_0 where s1_0.uuid=?
Hibernate: select s1_0.uuid,s1_0.created_at,s1_0.display_name,s1_0.name,s1_0.observer_server_base_url,s1_0.updated_at from public.subscriptions s1_0 where s1_0.uuid=?
2025-10-30T15:14:48.188+01:00 DEBUG 5394 --- [odm-platform-pp-notification-server] [o-auto-1-exec-8] org.hibernate.SQL                        : select et1_0.subscription_uuid,et1_0.sequence_id,et1_0.event_name from public.subscriptions_events_types et1_0 where et1_0.subscription_uuid=?
Hibernate: select et1_0.subscription_uuid,et1_0.sequence_id,et1_0.event_name from public.subscriptions_events_types et1_0 where et1_0.subscription_uuid=?
2025-10-30T15:14:48.202+01:00 DEBUG 5394 --- [odm-platform-pp-notification-server] [o-auto-1-exec-8] org.hibernate.SQL                        : delete from public.subscriptions where uuid=?
Hibernate: delete from public.subscriptions where uuid=?
2025-10-30T15:14:48.206+01:00 DEBUG 5394 --- [odm-platform-pp-notification-server] [o-auto-1-exec-8] m.m.a.RequestResponseBodyMethodProcessor : Using 'application/json', given [*/*] and supported [application/json, application/*+json, application/yaml]
2025-10-30T15:14:48.216+01:00 DEBUG 5394 --- [odm-platform-pp-notification-server] [o-auto-1-exec-8] m.m.a.RequestResponseBodyMethodProcessor : Nothing to write: null body
2025-10-30T15:14:48.218+01:00 DEBUG 5394 --- [odm-platform-pp-notification-server] [o-auto-1-exec-8] o.s.web.servlet.DispatcherServlet        : Completed 200 OK
2025-10-30T15:14:48.220+01:00 DEBUG 5394 --- [odm-platform-pp-notification-server] [           main] o.s.web.client.RestTemplate              : Response 200 OK
]]></system-out>
  </testcase>
  <testcase name="whenCreateSubscriptionWithInvalidDataThenReturnBadRequest" classname="org.opendatamesh.platform.pp.notification.rest.v2.it.controllers.SubscriptionControllerIT" time="0.069">
    <system-out><![CDATA[2025-10-30T15:14:48.253+01:00 DEBUG 5394 --- [odm-platform-pp-notification-server] [           main] o.s.web.client.RestTemplate              : HTTP POST http://localhost:42947/api/v2/pp/notification/subscriptions
2025-10-30T15:14:48.258+01:00 DEBUG 5394 --- [odm-platform-pp-notification-server] [           main] o.s.web.client.RestTemplate              : Accept=[text/plain, application/json, application/yaml, application/*+json, */*]
2025-10-30T15:14:48.261+01:00 DEBUG 5394 --- [odm-platform-pp-notification-server] [           main] o.s.web.client.RestTemplate              : Writing [org.opendatamesh.platform.pp.notification.rest.v2.resources.subscription.SubscriptionRes@3cac962e] with org.springframework.http.converter.json.MappingJackson2HttpMessageConverter
2025-10-30T15:14:48.269+01:00 DEBUG 5394 --- [odm-platform-pp-notification-server] [o-auto-1-exec-9] o.s.web.servlet.DispatcherServlet        : POST "/api/v2/pp/notification/subscriptions", parameters={}
2025-10-30T15:14:48.270+01:00 DEBUG 5394 --- [odm-platform-pp-notification-server] [o-auto-1-exec-9] s.w.s.m.m.a.RequestMappingHandlerMapping : Mapped to org.opendatamesh.platform.pp.notification.rest.v2.controllers.SubscriptionController#createSubscription(SubscriptionRes)
2025-10-30T15:14:48.271+01:00 DEBUG 5394 --- [odm-platform-pp-notification-server] [o-auto-1-exec-9] m.m.a.RequestResponseBodyMethodProcessor : Read "application/json;charset=UTF-8" to [org.opendatamesh.platform.pp.notification.rest.v2.resources.subscription.SubscriptionRes@5f59d5c6]
2025-10-30T15:14:48.272+01:00 DEBUG 5394 --- [odm-platform-pp-notification-server] [o-auto-1-exec-9] .m.m.a.ExceptionHandlerExceptionResolver : Using @ExceptionHandler org.opendatamesh.platform.pp.notification.rest.ResponseExceptionHandler#handleBadRequestException(BadRequestException, WebRequest)
2025-10-30T15:14:48.272+01:00 DEBUG 5394 --- [odm-platform-pp-notification-server] [o-auto-1-exec-9] o.s.w.s.m.m.a.HttpEntityMethodProcessor  : Using 'application/json', given [text/plain, application/json, application/yaml, application/*+json, */*] and supported [application/json, application/*+json, application/yaml]
2025-10-30T15:14:48.273+01:00 DEBUG 5394 --- [odm-platform-pp-notification-server] [o-auto-1-exec-9] o.s.w.s.m.m.a.HttpEntityMethodProcessor  : Writing [org.opendatamesh.platform.pp.notification.rest.v2.resources.ErrorResponse@5b664af5]
2025-10-30T15:14:48.274+01:00 DEBUG 5394 --- [odm-platform-pp-notification-server] [o-auto-1-exec-9] .m.m.a.ExceptionHandlerExceptionResolver : Resolved [org.opendatamesh.platform.pp.notification.exceptions.BadRequestException: Subscription server base URL cannot be null]
2025-10-30T15:14:48.274+01:00 DEBUG 5394 --- [odm-platform-pp-notification-server] [           main] o.s.web.client.RestTemplate              : Response 400 BAD_REQUEST
2025-10-30T15:14:48.275+01:00 DEBUG 5394 --- [odm-platform-pp-notification-server] [o-auto-1-exec-9] o.s.web.servlet.DispatcherServlet        : Completed 400 BAD_REQUEST
2025-10-30T15:14:48.275+01:00 DEBUG 5394 --- [odm-platform-pp-notification-server] [           main] o.s.web.client.RestTemplate              : Reading to [java.lang.String] as "application/json"
]]></system-out>
  </testcase>
</testsuite>