<?xml version="1.0" encoding="UTF-8"?>
<testsuite xmlns:xsi="http://www.w3.org/2001/XMLSchema-instance" xsi:noNamespaceSchemaLocation="https://maven.apache.org/surefire/maven-failsafe-plugin/xsd/failsafe-test-report.xsd" version="3.0.2" name="org.opendatamesh.platform.pp.notification.rest.v2.it.controllers.SubscriptionErrorIT" time="0.424" tests="4" errors="0" skipped="0" failures="0">
  <properties>
[...]
</properties>
  <testcase name="testUpdateNonExistentSubscription_ReturnsNotFound" classname="org.opendatamesh.platform.pp.notification.rest.v2.it.controllers.SubscriptionErrorIT" time="0.1">
    <system-out><![CDATA[2025-10-30T15:14:48.366+01:00 DEBUG 5394 --- [odm-platform-pp-notification-server] [           main] o.s.web.client.RestTemplate              : HTTP PUT http://localhost:42947/api/v2/pp/notification/subscriptions/non-existent-uuid
2025-10-30T15:14:48.367+01:00 DEBUG 5394 --- [odm-platform-pp-notification-server] [           main] o.s.web.client.RestTemplate              : Accept=[text/plain, application/json, application/yaml, application/*+json, */*]
2025-10-30T15:14:48.368+01:00 DEBUG 5394 --- [odm-platform-pp-notification-server] [           main] o.s.web.client.RestTemplate              : Writing [org.opendatamesh.platform.pp.notification.rest.v2.resources.subscription.SubscriptionRes@25f90920] with org.springframework.http.converter.json.MappingJackson2HttpMessageConverter
2025-10-30T15:14:48.373+01:00 DEBUG 5394 --- [odm-platform-pp-notification-server] [-auto-1-exec-10] o.s.web.servlet.DispatcherServlet        : PUT "/api/v2/pp/notification/subscriptions/non-existent-uuid", parameters={}
2025-10-30T15:14:48.375+01:00 DEBUG 5394 --- [odm-platform-pp-notification-server] [-auto-1-exec-10] s.w.s.m.m.a.RequestMappingHandlerMapping : Mapped to org.opendatamesh.platform.pp.notification.rest.v2.controllers.SubscriptionController#updateSubscription(String, SubscriptionRes)
2025-10-30T15:14:48.393+01:00 DEBUG 5394 --- [odm-platform-pp-notification-server] [-auto-1-exec-10] m.m.a.RequestResponseBodyMethodProcessor : Read "application/json;charset=UTF-8" to [org.opendatamesh.platform.pp.notification.rest.v2.resources.subscription.SubscriptionRes@a2aeeaf]
2025-10-30T15:14:48.417+01:00 DEBUG 5394 --- [odm-platform-pp-notification-server] [-auto-1-exec-10] org.hibernate.SQL                        : select count(*) from public.subscriptions s1_0 where s1_0.uuid=?
Hibernate: select count(*) from public.subscriptions s1_0 where s1_0.uuid=?
2025-10-30T15:14:48.431+01:00 DEBUG 5394 --- [odm-platform-pp-notification-server] [-auto-1-exec-10] .m.m.a.ExceptionHandlerExceptionResolver : Using @ExceptionHandler org.opendatamesh.platform.pp.notification.rest.ResponseExceptionHandler#handleNotFoundException(NotFoundException, WebRequest)
2025-10-30T15:14:48.437+01:00 DEBUG 5394 --- [odm-platform-pp-notification-server] [-auto-1-exec-10] o.s.w.s.m.m.a.HttpEntityMethodProcessor  : Using 'application/json', given [text/plain, application/json, application/yaml, application/*+json, */*] and supported [application/json, application/*+json, application/yaml]
2025-10-30T15:14:48.439+01:00 DEBUG 5394 --- [odm-platform-pp-notification-server] [-auto-1-exec-10] o.s.w.s.m.m.a.HttpEntityMethodProcessor  : Writing [org.opendatamesh.platform.pp.notification.rest.v2.resources.ErrorResponse@b43a240]
2025-10-30T15:14:48.444+01:00 DEBUG 5394 --- [odm-platform-pp-notification-server] [-auto-1-exec-10] .m.m.a.ExceptionHandlerExceptionResolver : Resolved [org.opendatamesh.platform.pp.notification.exceptions.NotFoundException: Resource with id=non-existent-uuid not found]
2025-10-30T15:14:48.445+01:00 DEBUG 5394 --- [odm-platform-pp-notification-server] [           main] o.s.web.client.RestTemplate              : Response 404 NOT_FOUND
2025-10-30T15:14:48.446+01:00 DEBUG 5394 --- [odm-platform-pp-notification-server] [           main] o.s.web.client.RestTemplate              : Reading to [java.lang.String] as "application/json"
2025-10-30T15:14:48.446+01:00 DEBUG 5394 --- [odm-platform-pp-notification-server] [-auto-1-exec-10] o.s.web.servlet.DispatcherServlet        : Completed 404 NOT_FOUND
]]></system-out>
  </testcase>
  <testcase name="testGetNonExistentSubscription_ReturnsNotFound" classname="org.opendatamesh.platform.pp.notification.rest.v2.it.controllers.SubscriptionErrorIT" time="0.084">
    <system-out><![CDATA[2025-10-30T15:14:48.480+01:00 DEBUG 5394 --- [odm-platform-pp-notification-server] [           main] o.s.web.client.RestTemplate              : HTTP GET http://localhost:42947/api/v2/pp/notification/subscriptions/non-existent-uuid
2025-10-30T15:14:48.484+01:00 DEBUG 5394 --- [odm-platform-pp-notification-server] [           main] o.s.web.client.RestTemplate              : Accept=[text/plain, application/json, application/yaml, application/*+json, */*]
2025-10-30T15:14:48.490+01:00 DEBUG 5394 --- [odm-platform-pp-notification-server] [o-auto-1-exec-1] o.s.web.servlet.DispatcherServlet        : GET "/api/v2/pp/notification/subscriptions/non-existent-uuid", parameters={}
2025-10-30T15:14:48.492+01:00 DEBUG 5394 --- [odm-platform-pp-notification-server] [o-auto-1-exec-1] s.w.s.m.m.a.RequestMappingHandlerMapping : Mapped to org.opendatamesh.platform.pp.notification.rest.v2.controllers.SubscriptionController#getSubscription(String)
2025-10-30T15:14:48.499+01:00 DEBUG 5394 --- [odm-platform-pp-notification-server] [o-auto-1-exec-1] org.hibernate.SQL                        : select s1_0.uuid,s1_0.created_at,s1_0.display_name,s1_0.name,s1_0.observer_server_base_url,s1_0.updated_at from public.subscriptions s1_0 where s1_0.uuid=?
Hibernate: select s1_0.uuid,s1_0.created_at,s1_0.display_name,s1_0.name,s1_0.observer_server_base_url,s1_0.updated_at from public.subscriptions s1_0 where s1_0.uuid=?
2025-10-30T15:14:48.514+01:00 DEBUG 5394 --- [odm-platform-pp-notification-server] [o-auto-1-exec-1] .m.m.a.ExceptionHandlerExceptionResolver : Using @ExceptionHandler org.opendatamesh.platform.pp.notification.rest.ResponseExceptionHandler#handleNotFoundException(NotFoundException, WebRequest)
2025-10-30T15:14:48.519+01:00 DEBUG 5394 --- [odm-platform-pp-notification-server] [o-auto-1-exec-1] o.s.w.s.m.m.a.HttpEntityMethodProcessor  : Using 'application/json', given [text/plain, application/json, application/yaml, application/*+json, */*] and supported [application/json, application/*+json, application/yaml]
2025-10-30T15:14:48.526+01:00 DEBUG 5394 --- [odm-platform-pp-notification-server] [o-auto-1-exec-1] o.s.w.s.m.m.a.HttpEntityMethodProcessor  : Writing [org.opendatamesh.platform.pp.notification.rest.v2.resources.ErrorResponse@4ebf9745]
2025-10-30T15:14:48.531+01:00 DEBUG 5394 --- [odm-platform-pp-notification-server] [o-auto-1-exec-1] .m.m.a.ExceptionHandlerExceptionResolver : Resolved [org.opendatamesh.platform.pp.notification.exceptions.NotFoundException: Resource with id=non-existent-uuid not found]
2025-10-30T15:14:48.532+01:00 DEBUG 5394 --- [odm-platform-pp-notification-server] [           main] o.s.web.client.RestTemplate              : Response 404 NOT_FOUND
2025-10-30T15:14:48.532+01:00 DEBUG 5394 --- [odm-platform-pp-notification-server] [o-auto-1-exec-1] o.s.web.servlet.DispatcherServlet        : Completed 404 NOT_FOUND
2025-10-30T15:14:48.532+01:00 DEBUG 5394 --- [odm-platform-pp-notification-server] [           main] o.s.web.client.RestTemplate              : Reading to [java.lang.String] as "application/json"
]]></system-out>
  </testcase>
  <testcase name="testDeleteNonExistentSubscription_ReturnsNotFound" classname="org.opendatamesh.platform.pp.notification.rest.v2.it.controllers.SubscriptionErrorIT" time="0.061">
    <system-out><![CDATA[2025-10-30T15:14:48.580+01:00 DEBUG 5394 --- [odm-platform-pp-notification-server] [           main] o.s.web.client.RestTemplate              : HTTP DELETE http://localhost:42947/api/v2/pp/notification/subscriptions/non-existent-uuid
2025-10-30T15:14:48.581+01:00 DEBUG 5394 --- [odm-platform-pp-notification-server] [           main] o.s.web.client.RestTemplate              : Accept=[application/json, application/yaml, application/*+json]
2025-10-30T15:14:48.587+01:00 DEBUG 5394 --- [odm-platform-pp-notification-server] [o-auto-1-exec-2] o.s.web.servlet.DispatcherServlet        : DELETE "/api/v2/pp/notification/subscriptions/non-existent-uuid", parameters={}
2025-10-30T15:14:48.590+01:00 DEBUG 5394 --- [odm-platform-pp-notification-server] [o-auto-1-exec-2] s.w.s.m.m.a.RequestMappingHandlerMapping : Mapped to org.opendatamesh.platform.pp.notification.rest.v2.controllers.SubscriptionController#deleteSubscription(String)
2025-10-30T15:14:48.595+01:00 DEBUG 5394 --- [odm-platform-pp-notification-server] [o-auto-1-exec-2] org.hibernate.SQL                        : select count(*) from public.subscriptions s1_0 where s1_0.uuid=?
Hibernate: select count(*) from public.subscriptions s1_0 where s1_0.uuid=?
2025-10-30T15:14:48.606+01:00 DEBUG 5394 --- [odm-platform-pp-notification-server] [o-auto-1-exec-2] .m.m.a.ExceptionHandlerExceptionResolver : Using @ExceptionHandler org.opendatamesh.platform.pp.notification.rest.ResponseExceptionHandler#handleNotFoundException(NotFoundException, WebRequest)
2025-10-30T15:14:48.608+01:00 DEBUG 5394 --- [odm-platform-pp-notification-server] [o-auto-1-exec-2] o.s.w.s.m.m.a.HttpEntityMethodProcessor  : Using 'application/json', given [application/json, application/yaml, application/*+json] and supported [application/json, application/*+json, application/yaml]
2025-10-30T15:14:48.609+01:00 DEBUG 5394 --- [odm-platform-pp-notification-server] [o-auto-1-exec-2] o.s.w.s.m.m.a.HttpEntityMethodProcessor  : Writing [org.opendatamesh.platform.pp.notification.rest.v2.resources.ErrorResponse@71edfc07]
2025-10-30T15:14:48.612+01:00 DEBUG 5394 --- [odm-platform-pp-notification-server] [o-auto-1-exec-2] .m.m.a.ExceptionHandlerExceptionResolver : Resolved [org.opendatamesh.platform.pp.notification.exceptions.NotFoundException: Resource with id=non-existent-uuid not found]
2025-10-30T15:14:48.612+01:00 DEBUG 5394 --- [odm-platform-pp-notification-server] [           main] o.s.web.client.RestTemplate              : Response 404 NOT_FOUND
2025-10-30T15:14:48.613+01:00 DEBUG 5394 --- [odm-platform-pp-notification-server] [o-auto-1-exec-2] o.s.web.servlet.DispatcherServlet        : Completed 404 NOT_FOUND
]]></system-out>
  </testcase>
  <testcase name="testCreateSubscriptionWithInvalidData_ReturnsBadRequest" classname="org.opendatamesh.platform.pp.notification.rest.v2.it.controllers.SubscriptionErrorIT" time="0.061">
    <system-out><![CDATA[2025-10-30T15:14:48.664+01:00 DEBUG 5394 --- [odm-platform-pp-notification-server] [           main] o.s.web.client.RestTemplate              : HTTP POST http://localhost:42947/api/v2/pp/notification/subscriptions
2025-10-30T15:14:48.665+01:00 DEBUG 5394 --- [odm-platform-pp-notification-server] [           main] o.s.web.client.RestTemplate              : Accept=[text/plain, application/json, application/yaml, application/*+json, */*]
2025-10-30T15:14:48.668+01:00 DEBUG 5394 --- [odm-platform-pp-notification-server] [           main] o.s.web.client.RestTemplate              : Writing [org.opendatamesh.platform.pp.notification.rest.v2.resources.subscription.SubscriptionRes@4d0ec988] with org.springframework.http.converter.json.MappingJackson2HttpMessageConverter
2025-10-30T15:14:48.686+01:00 DEBUG 5394 --- [odm-platform-pp-notification-server] [o-auto-1-exec-3] o.s.web.servlet.DispatcherServlet        : POST "/api/v2/pp/notification/subscriptions", parameters={}
2025-10-30T15:14:48.689+01:00 DEBUG 5394 --- [odm-platform-pp-notification-server] [o-auto-1-exec-3] s.w.s.m.m.a.RequestMappingHandlerMapping : Mapped to org.opendatamesh.platform.pp.notification.rest.v2.controllers.SubscriptionController#createSubscription(SubscriptionRes)
2025-10-30T15:14:48.695+01:00 DEBUG 5394 --- [odm-platform-pp-notification-server] [o-auto-1-exec-3] m.m.a.RequestResponseBodyMethodProcessor : Read "application/json;charset=UTF-8" to [org.opendatamesh.platform.pp.notification.rest.v2.resources.subscription.SubscriptionRes@641faba3]
2025-10-30T15:14:48.698+01:00 DEBUG 5394 --- [odm-platform-pp-notification-server] [o-auto-1-exec-3] .m.m.a.ExceptionHandlerExceptionResolver : Using @ExceptionHandler org.opendatamesh.platform.pp.notification.rest.ResponseExceptionHandler#handleBadRequestException(BadRequestException, WebRequest)
2025-10-30T15:14:48.699+01:00 DEBUG 5394 --- [odm-platform-pp-notification-server] [o-auto-1-exec-3] o.s.w.s.m.m.a.HttpEntityMethodProcessor  : Using 'application/json', given [text/plain, application/json, application/yaml, application/*+json, */*] and supported [application/json, application/*+json, application/yaml]
2025-10-30T15:14:48.701+01:00 DEBUG 5394 --- [odm-platform-pp-notification-server] [o-auto-1-exec-3] o.s.w.s.m.m.a.HttpEntityMethodProcessor  : Writing [org.opendatamesh.platform.pp.notification.rest.v2.resources.ErrorResponse@795da68]
2025-10-30T15:14:48.704+01:00 DEBUG 5394 --- [odm-platform-pp-notification-server] [           main] o.s.web.client.RestTemplate              : Response 400 BAD_REQUEST
2025-10-30T15:14:48.704+01:00 DEBUG 5394 --- [odm-platform-pp-notification-server] [o-auto-1-exec-3] .m.m.a.ExceptionHandlerExceptionResolver : Resolved [org.opendatamesh.platform.pp.notification.exceptions.BadRequestException: Subscription server base URL cannot be null]
2025-10-30T15:14:48.705+01:00 DEBUG 5394 --- [odm-platform-pp-notification-server] [           main] o.s.web.client.RestTemplate              : Reading to [java.lang.String] as "application/json"
2025-10-30T15:14:48.705+01:00 DEBUG 5394 --- [odm-platform-pp-notification-server] [o-auto-1-exec-3] o.s.web.servlet.DispatcherServlet        : Completed 400 BAD_REQUEST
]]></system-out>
  </testcase>
</testsuite>