<?xml version="1.0" encoding="UTF-8"?>
<testsuite xmlns:xsi="http://www.w3.org/2001/XMLSchema-instance" xsi:noNamespaceSchemaLocation="https://maven.apache.org/surefire/maven-failsafe-plugin/xsd/failsafe-test-report.xsd" version="3.0.2" name="org.opendatamesh.platform.pp.notification.rest.v2.it.controllers.EventControllerIT" time="0.557" tests="2" errors="0" skipped="0" failures="0">
  <properties>
[...]
</properties>
  <testcase name="whenReadAllEventsThenReturnEventsList" classname="org.opendatamesh.platform.pp.notification.rest.v2.it.controllers.EventControllerIT" time="0.284">
    <system-out><![CDATA[2025-10-30T15:14:48.764+01:00 DEBUG 5394 --- [odm-platform-pp-notification-server] [           main] o.s.web.client.RestTemplate              : HTTP POST http://localhost:42947/api/v2/pp/notification/subscriptions
2025-10-30T15:14:48.780+01:00 DEBUG 5394 --- [odm-platform-pp-notification-server] [           main] o.s.web.client.RestTemplate              : Accept=[application/json, application/yaml, application/*+json]
2025-10-30T15:14:48.784+01:00 DEBUG 5394 --- [odm-platform-pp-notification-server] [           main] o.s.web.client.RestTemplate              : Writing [org.opendatamesh.platform.pp.notification.rest.v2.resources.subscription.SubscriptionRes@44e31522] with org.springframework.http.converter.json.MappingJackson2HttpMessageConverter
2025-10-30T15:14:48.794+01:00 DEBUG 5394 --- [odm-platform-pp-notification-server] [o-auto-1-exec-4] o.s.web.servlet.DispatcherServlet        : POST "/api/v2/pp/notification/subscriptions", parameters={}
2025-10-30T15:14:48.794+01:00 DEBUG 5394 --- [odm-platform-pp-notification-server] [o-auto-1-exec-4] s.w.s.m.m.a.RequestMappingHandlerMapping : Mapped to org.opendatamesh.platform.pp.notification.rest.v2.controllers.SubscriptionController#createSubscription(SubscriptionRes)
2025-10-30T15:14:48.795+01:00 DEBUG 5394 --- [odm-platform-pp-notification-server] [o-auto-1-exec-4] m.m.a.RequestResponseBodyMethodProcessor : Read "application/json;charset=UTF-8" to [org.opendatamesh.platform.pp.notification.rest.v2.resources.subscription.SubscriptionRes@5f0ed136]
2025-10-30T15:14:48.797+01:00 DEBUG 5394 --- [odm-platform-pp-notification-server] [o-auto-1-exec-4] org.hibernate.SQL                        : insert into public.subscriptions (created_at,display_name,name,observer_server_base_url,updated_at,uuid) values (?,?,?,?,?,?)
Hibernate: insert into public.subscriptions (created_at,display_name,name,observer_server_base_url,updated_at,uuid) values (?,?,?,?,?,?)
2025-10-30T15:14:48.801+01:00 DEBUG 5394 --- [odm-platform-pp-notification-server] [o-auto-1-exec-4] org.hibernate.SQL                        : insert into public.subscriptions_events_types (event_name,subscription_uuid) values (?,?)
Hibernate: insert into public.subscriptions_events_types (event_name,subscription_uuid) values (?,?)
2025-10-30T15:14:48.812+01:00 DEBUG 5394 --- [odm-platform-pp-notification-server] [o-auto-1-exec-4] m.m.a.RequestResponseBodyMethodProcessor : Using 'application/json', given [application/json, application/yaml, application/*+json] and supported [application/json, application/*+json, application/yaml]
2025-10-30T15:14:48.813+01:00 DEBUG 5394 --- [odm-platform-pp-notification-server] [o-auto-1-exec-4] m.m.a.RequestResponseBodyMethodProcessor : Writing [org.opendatamesh.platform.pp.notification.rest.v2.resources.subscription.SubscriptionRes@61ac2216]
2025-10-30T15:14:48.815+01:00 DEBUG 5394 --- [odm-platform-pp-notification-server] [           main] o.s.web.client.RestTemplate              : Response 201 CREATED
2025-10-30T15:14:48.817+01:00 DEBUG 5394 --- [odm-platform-pp-notification-server] [           main] o.s.web.client.RestTemplate              : Reading to [org.opendatamesh.platform.pp.notification.rest.v2.resources.subscription.SubscriptionRes]
2025-10-30T15:14:48.818+01:00 DEBUG 5394 --- [odm-platform-pp-notification-server] [o-auto-1-exec-4] o.s.web.servlet.DispatcherServlet        : Completed 201 CREATED
2025-10-30T15:14:48.822+01:00 DEBUG 5394 --- [odm-platform-pp-notification-server] [           main] o.s.web.client.RestTemplate              : HTTP POST http://localhost:42947/api/v2/pp/notification/dispatch/dispatch
2025-10-30T15:14:48.826+01:00 DEBUG 5394 --- [odm-platform-pp-notification-server] [           main] o.s.web.client.RestTemplate              : Accept=[application/json, application/yaml, application/*+json]
2025-10-30T15:14:48.830+01:00 DEBUG 5394 --- [odm-platform-pp-notification-server] [           main] o.s.web.client.RestTemplate              : Writing [org.opendatamesh.platform.pp.notification.rest.v2.resources.event.EventRes@7317fb] with org.springframework.http.converter.json.MappingJackson2HttpMessageConverter
2025-10-30T15:14:48.837+01:00 DEBUG 5394 --- [odm-platform-pp-notification-server] [o-auto-1-exec-6] o.s.web.servlet.DispatcherServlet        : POST "/api/v2/pp/notification/dispatch/dispatch", parameters={}
2025-10-30T15:14:48.838+01:00 DEBUG 5394 --- [odm-platform-pp-notification-server] [o-auto-1-exec-6] s.w.s.m.m.a.RequestMappingHandlerMapping : Mapped to org.opendatamesh.platform.pp.notification.rest.v2.controllers.DispatchController#notifyEvent(EventRes)
2025-10-30T15:14:48.843+01:00 DEBUG 5394 --- [odm-platform-pp-notification-server] [o-auto-1-exec-6] m.m.a.RequestResponseBodyMethodProcessor : Read "application/json;charset=UTF-8" to [org.opendatamesh.platform.pp.notification.rest.v2.resources.event.EventRes@3ff3971f]
2025-10-30T15:14:48.844+01:00  INFO 5394 --- [odm-platform-pp-notification-server] [o-auto-1-exec-6] o.o.p.p.n.n.services.DispatchService     : Dispatching event: DATAPRODUCT_CREATED - Resource: dp-read-all
2025-10-30T15:14:48.845+01:00 DEBUG 5394 --- [odm-platform-pp-notification-server] [o-auto-1-exec-6] org.hibernate.SQL                        : insert into public.events (created_at,event_content,event_type_version,resource_uuid,resource_type,event_type,updated_at) values (?,?,?,?,?,?,?)
Hibernate: insert into public.events (created_at,event_content,event_type_version,resource_uuid,resource_type,event_type,updated_at) values (?,?,?,?,?,?,?)
2025-10-30T15:14:48.857+01:00  INFO 5394 --- [odm-platform-pp-notification-server] [o-auto-1-exec-6] o.o.p.p.n.n.services.DispatchService     : Created event with ID: 1
2025-10-30T15:14:48.888+01:00 DEBUG 5394 --- [odm-platform-pp-notification-server] [o-auto-1-exec-6] org.hibernate.SQL                        : select s1_0.uuid,s1_0.created_at,s1_0.display_name,s1_0.name,s1_0.observer_server_base_url,s1_0.updated_at from public.subscriptions s1_0 offset ? rows fetch first ? rows only
Hibernate: select s1_0.uuid,s1_0.created_at,s1_0.display_name,s1_0.name,s1_0.observer_server_base_url,s1_0.updated_at from public.subscriptions s1_0 offset ? rows fetch first ? rows only
2025-10-30T15:14:48.901+01:00 DEBUG 5394 --- [odm-platform-pp-notification-server] [o-auto-1-exec-6] org.hibernate.SQL                        : select et1_0.subscription_uuid,et1_0.sequence_id,et1_0.event_name from public.subscriptions_events_types et1_0 where et1_0.subscription_uuid=?
Hibernate: select et1_0.subscription_uuid,et1_0.sequence_id,et1_0.event_name from public.subscriptions_events_types et1_0 where et1_0.subscription_uuid=?
2025-10-30T15:14:48.908+01:00  INFO 5394 --- [odm-platform-pp-notification-server] [o-auto-1-exec-6] o.o.p.p.n.n.services.DispatchService     : Notifying subscription: test-read-all-1761833688764 for event: 1
2025-10-30T15:14:48.911+01:00 DEBUG 5394 --- [odm-platform-pp-notification-server] [o-auto-1-exec-6] org.hibernate.SQL                        : insert into public.notifications (error_message,event_id,notification_status,subscription_uuid) values (?,?,?,?)
Hibernate: insert into public.notifications (error_message,event_id,notification_status,subscription_uuid) values (?,?,?,?)
2025-10-30T15:14:48.923+01:00  INFO 5394 --- [odm-platform-pp-notification-server] [o-auto-1-exec-6] o.o.p.p.n.n.services.DispatchService     : Notification created and dispatched for subscription: 2211bc1b-af45-4eae-98e4-6202298a37fe
2025-10-30T15:14:48.923+01:00  INFO 5394 --- [odm-platform-pp-notification-server] [onPool-worker-1] o.o.p.p.n.n.services.NotificationClient  : Sending notification 1 to subscription: 2211bc1b-af45-4eae-98e4-6202298a37fe at URL: http://localhost:8080/test/notifications
2025-10-30T15:14:48.923+01:00  INFO 5394 --- [odm-platform-pp-notification-server] [o-auto-1-exec-6] o.o.p.p.n.n.services.DispatchService     : Event dispatch completed for event ID: 1
2025-10-30T15:14:48.925+01:00 DEBUG 5394 --- [odm-platform-pp-notification-server] [o-auto-1-exec-6] o.s.web.servlet.DispatcherServlet        : Completed 202 ACCEPTED
2025-10-30T15:14:48.927+01:00 DEBUG 5394 --- [odm-platform-pp-notification-server] [onPool-worker-1] o.s.web.client.RestTemplate              : HTTP POST http://localhost:8080/test/notifications
2025-10-30T15:14:48.927+01:00 DEBUG 5394 --- [odm-platform-pp-notification-server] [onPool-worker-1] o.s.web.client.RestTemplate              : Accept=[text/plain, application/json, application/yaml, application/*+json, */*]
2025-10-30T15:14:48.928+01:00 DEBUG 5394 --- [odm-platform-pp-notification-server] [           main] o.s.web.client.RestTemplate              : Response 202 ACCEPTED
2025-10-30T15:14:48.928+01:00 DEBUG 5394 --- [odm-platform-pp-notification-server] [           main] o.s.web.client.RestTemplate              : HTTP GET http://localhost:42947/api/v2/pp/notification/events
2025-10-30T15:14:48.929+01:00 DEBUG 5394 --- [odm-platform-pp-notification-server] [           main] o.s.web.client.RestTemplate              : Accept=[text/plain, application/json, application/yaml, application/*+json, */*]
2025-10-30T15:14:48.929+01:00 DEBUG 5394 --- [odm-platform-pp-notification-server] [onPool-worker-1] o.s.web.client.RestTemplate              : Writing [org.opendatamesh.platform.pp.notification.rest.v2.resources.notification.NotificationRes@6dbc49ca] as "application/json"
2025-10-30T15:14:48.934+01:00 DEBUG 5394 --- [odm-platform-pp-notification-server] [o-auto-1-exec-5] o.s.web.servlet.DispatcherServlet        : GET "/api/v2/pp/notification/events", parameters={}
2025-10-30T15:14:48.936+01:00 DEBUG 5394 --- [odm-platform-pp-notification-server] [o-auto-1-exec-5] s.w.s.m.m.a.RequestMappingHandlerMapping : Mapped to org.opendatamesh.platform.pp.notification.rest.v2.controllers.EventController#searchEvents(Pageable)
2025-10-30T15:14:48.951+01:00 DEBUG 5394 --- [odm-platform-pp-notification-server] [o-auto-1-exec-5] org.hibernate.SQL                        : select e1_0.sequence_id,e1_0.created_at,e1_0.event_content,e1_0.event_type_version,e1_0.resource_uuid,e1_0.resource_type,e1_0.event_type,e1_0.updated_at from public.events e1_0 offset ? rows fetch first ? rows only
Hibernate: select e1_0.sequence_id,e1_0.created_at,e1_0.event_content,e1_0.event_type_version,e1_0.resource_uuid,e1_0.resource_type,e1_0.event_type,e1_0.updated_at from public.events e1_0 offset ? rows fetch first ? rows only
2025-10-30T15:14:48.948+01:00 ERROR 5394 --- [odm-platform-pp-notification-server] [onPool-worker-1] o.o.p.p.n.n.services.NotificationClient  : Error sending notification 1 to subscription 2211bc1b-af45-4eae-98e4-6202298a37fe: I/O error on POST request for "http://localhost:8080/test/notifications": Connect to http://localhost:8080 [localhost/127.0.0.1] failed: Connection refused

org.springframework.web.client.ResourceAccessException: I/O error on POST request for "http://localhost:8080/test/notifications": Connect to http://localhost:8080 [localhost/127.0.0.1] failed: Connection refused
	at org.springframework.web.client.RestTemplate.createResourceAccessException(RestTemplate.java:926) ~[spring-web-6.2.11.jar:6.2.11]
	at org.springframework.web.client.RestTemplate.doExecute(RestTemplate.java:906) ~[spring-web-6.2.11.jar:6.2.11]
	at org.springframework.web.client.RestTemplate.execute(RestTemplate.java:801) ~[spring-web-6.2.11.jar:6.2.11]
	at org.springframework.web.client.RestTemplate.exchange(RestTemplate.java:683) ~[spring-web-6.2.11.jar:6.2.11]
	at org.opendatamesh.platform.pp.notification.notification.services.NotificationClient.lambda$0(NotificationClient.java:44) ~[classes/:na]
	at java.base/java.util.concurrent.CompletableFuture$AsyncRun.run(CompletableFuture.java:1804) ~[na:na]
	at java.base/java.util.concurrent.CompletableFuture$AsyncRun.exec(CompletableFuture.java:1796) ~[na:na]
	at java.base/java.util.concurrent.ForkJoinTask.doExec(ForkJoinTask.java:387) ~[na:na]
	at java.base/java.util.concurrent.ForkJoinPool$WorkQueue.topLevelExec(ForkJoinPool.java:1312) ~[na:na]
	at java.base/java.util.concurrent.ForkJoinPool.scan(ForkJoinPool.java:1843) ~[na:na]
	at java.base/java.util.concurrent.ForkJoinPool.runWorker(ForkJoinPool.java:1808) ~[na:na]
	at java.base/java.util.concurrent.ForkJoinWorkerThread.run(ForkJoinWorkerThread.java:188) ~[na:na]
Caused by: org.apache.hc.client5.http.HttpHostConnectException: Connect to http://localhost:8080 [localhost/127.0.0.1] failed: Connection refused
	at java.base/sun.nio.ch.Net.pollConnect(Native Method) ~[na:na]
	at java.base/sun.nio.ch.Net.pollConnectNow(Net.java:682) ~[na:na]
	at java.base/sun.nio.ch.NioSocketImpl.timedFinishConnect(NioSocketImpl.java:542) ~[na:na]
	at java.base/sun.nio.ch.NioSocketImpl.connect(NioSocketImpl.java:592) ~[na:na]
	at java.base/java.net.SocksSocketImpl.connect(SocksSocketImpl.java:327) ~[na:na]
	at java.base/java.net.Socket.connect(Socket.java:751) ~[na:na]
	at org.apache.hc.client5.http.impl.io.DefaultHttpClientConnectionOperator.connect(DefaultHttpClientConnectionOperator.java:216) ~[httpclient5-5.4.1.jar:5.4.1]
	at org.apache.hc.client5.http.impl.io.PoolingHttpClientConnectionManager.connect(PoolingHttpClientConnectionManager.java:490) ~[httpclient5-5.4.1.jar:5.4.1]
	at org.apache.hc.client5.http.impl.classic.InternalExecRuntime.connectEndpoint(InternalExecRuntime.java:164) ~[httpclient5-5.4.1.jar:5.4.1]
	at org.apache.hc.client5.http.impl.classic.InternalExecRuntime.connectEndpoint(InternalExecRuntime.java:174) ~[httpclient5-5.4.1.jar:5.4.1]
	at org.apache.hc.client5.http.impl.classic.ConnectExec.execute(ConnectExec.java:144) ~[httpclient5-5.4.1.jar:5.4.1]
	at org.apache.hc.client5.http.impl.classic.ExecChainElement.execute(ExecChainElement.java:51) ~[httpclient5-5.4.1.jar:5.4.1]
	at org.apache.hc.client5.http.impl.classic.ProtocolExec.execute(ProtocolExec.java:192) ~[httpclient5-5.4.1.jar:5.4.1]
	at org.apache.hc.client5.http.impl.classic.ExecChainElement.execute(ExecChainElement.java:51) ~[httpclient5-5.4.1.jar:5.4.1]
	at org.apache.hc.client5.http.impl.classic.ContentCompressionExec.execute(ContentCompressionExec.java:150) ~[httpclient5-5.4.1.jar:5.4.1]
	at org.apache.hc.client5.http.impl.classic.ExecChainElement.execute(ExecChainElement.java:51) ~[httpclient5-5.4.1.jar:5.4.1]
	at org.apache.hc.client5.http.impl.classic.HttpRequestRetryExec.execute(HttpRequestRetryExec.java:113) ~[httpclient5-5.4.1.jar:5.4.1]
	at org.apache.hc.client5.http.impl.classic.ExecChainElement.execute(ExecChainElement.java:51) ~[httpclient5-5.4.1.jar:5.4.1]
	at org.apache.hc.client5.http.impl.classic.RedirectExec.execute(RedirectExec.java:110) ~[httpclient5-5.4.1.jar:5.4.1]
	at org.apache.hc.client5.http.impl.classic.ExecChainElement.execute(ExecChainElement.java:51) ~[httpclient5-5.4.1.jar:5.4.1]
	at org.apache.hc.client5.http.impl.classic.InternalHttpClient.doExecute(InternalHttpClient.java:174) ~[httpclient5-5.4.1.jar:5.4.1]
	at org.apache.hc.client5.http.impl.classic.CloseableHttpClient.execute(CloseableHttpClient.java:87) ~[httpclient5-5.4.1.jar:5.4.1]
	at org.apache.hc.client5.http.impl.classic.CloseableHttpClient.execute(CloseableHttpClient.java:55) ~[httpclient5-5.4.1.jar:5.4.1]
	at org.apache.hc.client5.http.classic.HttpClient.executeOpen(HttpClient.java:183) ~[httpclient5-5.4.1.jar:5.4.1]
	at org.springframework.http.client.HttpComponentsClientHttpRequest.executeInternal(HttpComponentsClientHttpRequest.java:99) ~[spring-web-6.2.11.jar:6.2.11]
	at org.springframework.http.client.AbstractStreamingClientHttpRequest.executeInternal(AbstractStreamingClientHttpRequest.java:71) ~[spring-web-6.2.11.jar:6.2.11]
	at org.springframework.http.client.AbstractClientHttpRequest.execute(AbstractClientHttpRequest.java:81) ~[spring-web-6.2.11.jar:6.2.11]
	at org.springframework.web.client.RestTemplate.doExecute(RestTemplate.java:900) ~[spring-web-6.2.11.jar:6.2.11]
	... 10 common frames omitted

2025-10-30T15:14:48.966+01:00  WARN 5394 --- [odm-platform-pp-notification-server] [o-auto-1-exec-5] ration$PageModule$WarningLoggingModifier : Serializing PageImpl instances as-is is not supported, meaning that there is no guarantee about the stability of the resulting JSON structure!
	For a stable JSON structure, please use Spring Data's PagedModel (globally via @EnableSpringDataWebSupport(pageSerializationMode = VIA_DTO))
	or Spring HATEOAS and Spring Data's PagedResourcesAssembler as documented in https://docs.spring.io/spring-data/commons/reference/repositories/core-extensions.html#core.web.pageables.

2025-10-30T15:14:48.975+01:00 DEBUG 5394 --- [odm-platform-pp-notification-server] [o-auto-1-exec-5] m.m.a.RequestResponseBodyMethodProcessor : Using 'application/json', given [text/plain, application/json, application/yaml, application/*+json, */*] and supported [application/json, application/*+json, application/yaml]
2025-10-30T15:14:48.976+01:00 DEBUG 5394 --- [odm-platform-pp-notification-server] [o-auto-1-exec-5] m.m.a.RequestResponseBodyMethodProcessor : Writing [Page 1 of 1 containing org.opendatamesh.platform.pp.notification.rest.v2.resources.event.EventRes in (truncated)...]
2025-10-30T15:14:48.994+01:00 DEBUG 5394 --- [odm-platform-pp-notification-server] [o-auto-1-exec-5] o.s.web.servlet.DispatcherServlet        : Completed 200 OK
2025-10-30T15:14:48.994+01:00 DEBUG 5394 --- [odm-platform-pp-notification-server] [           main] o.s.web.client.RestTemplate              : Response 200 OK
2025-10-30T15:14:48.994+01:00 DEBUG 5394 --- [odm-platform-pp-notification-server] [           main] o.s.web.client.RestTemplate              : Reading to [java.lang.String] as "application/json"
2025-10-30T15:14:48.998+01:00 DEBUG 5394 --- [odm-platform-pp-notification-server] [           main] o.s.web.client.RestTemplate              : HTTP DELETE http://localhost:42947/api/v2/pp/notification/subscriptions/2211bc1b-af45-4eae-98e4-6202298a37fe
2025-10-30T15:14:49.003+01:00 DEBUG 5394 --- [odm-platform-pp-notification-server] [o-auto-1-exec-7] o.s.web.servlet.DispatcherServlet        : DELETE "/api/v2/pp/notification/subscriptions/2211bc1b-af45-4eae-98e4-6202298a37fe", parameters={}
2025-10-30T15:14:49.006+01:00 DEBUG 5394 --- [odm-platform-pp-notification-server] [o-auto-1-exec-7] s.w.s.m.m.a.RequestMappingHandlerMapping : Mapped to org.opendatamesh.platform.pp.notification.rest.v2.controllers.SubscriptionController#deleteSubscription(String)
2025-10-30T15:14:49.008+01:00 DEBUG 5394 --- [odm-platform-pp-notification-server] [o-auto-1-exec-7] org.hibernate.SQL                        : select count(*) from public.subscriptions s1_0 where s1_0.uuid=?
Hibernate: select count(*) from public.subscriptions s1_0 where s1_0.uuid=?
2025-10-30T15:14:49.010+01:00 DEBUG 5394 --- [odm-platform-pp-notification-server] [o-auto-1-exec-7] org.hibernate.SQL                        : select s1_0.uuid,s1_0.created_at,s1_0.display_name,s1_0.name,s1_0.observer_server_base_url,s1_0.updated_at from public.subscriptions s1_0 where s1_0.uuid=?
Hibernate: select s1_0.uuid,s1_0.created_at,s1_0.display_name,s1_0.name,s1_0.observer_server_base_url,s1_0.updated_at from public.subscriptions s1_0 where s1_0.uuid=?
2025-10-30T15:14:49.018+01:00 DEBUG 5394 --- [odm-platform-pp-notification-server] [o-auto-1-exec-7] org.hibernate.SQL                        : select et1_0.subscription_uuid,et1_0.sequence_id,et1_0.event_name from public.subscriptions_events_types et1_0 where et1_0.subscription_uuid=?
Hibernate: select et1_0.subscription_uuid,et1_0.sequence_id,et1_0.event_name from public.subscriptions_events_types et1_0 where et1_0.subscription_uuid=?
2025-10-30T15:14:49.025+01:00 DEBUG 5394 --- [odm-platform-pp-notification-server] [o-auto-1-exec-7] org.hibernate.SQL                        : delete from public.subscriptions where uuid=?
Hibernate: delete from public.subscriptions where uuid=?
2025-10-30T15:14:49.027+01:00 DEBUG 5394 --- [odm-platform-pp-notification-server] [o-auto-1-exec-7] m.m.a.RequestResponseBodyMethodProcessor : Using 'application/json', given [*/*] and supported [application/json, application/*+json, application/yaml]
2025-10-30T15:14:49.027+01:00 DEBUG 5394 --- [odm-platform-pp-notification-server] [o-auto-1-exec-7] m.m.a.RequestResponseBodyMethodProcessor : Nothing to write: null body
2025-10-30T15:14:49.027+01:00 DEBUG 5394 --- [odm-platform-pp-notification-server] [o-auto-1-exec-7] o.s.web.servlet.DispatcherServlet        : Completed 200 OK
2025-10-30T15:14:49.030+01:00 DEBUG 5394 --- [odm-platform-pp-notification-server] [           main] o.s.web.client.RestTemplate              : Response 200 OK
]]></system-out>
  </testcase>
  <testcase name="whenReadOneEventThenReturnEvent" classname="org.opendatamesh.platform.pp.notification.rest.v2.it.controllers.EventControllerIT" time="0.227">
    <system-out><![CDATA[2025-10-30T15:14:49.069+01:00 DEBUG 5394 --- [odm-platform-pp-notification-server] [           main] o.s.web.client.RestTemplate              : HTTP POST http://localhost:42947/api/v2/pp/notification/subscriptions
2025-10-30T15:14:49.085+01:00 DEBUG 5394 --- [odm-platform-pp-notification-server] [           main] o.s.web.client.RestTemplate              : Accept=[application/json, application/yaml, application/*+json]
2025-10-30T15:14:49.090+01:00 DEBUG 5394 --- [odm-platform-pp-notification-server] [           main] o.s.web.client.RestTemplate              : Writing [org.opendatamesh.platform.pp.notification.rest.v2.resources.subscription.SubscriptionRes@a5e9de1] with org.springframework.http.converter.json.MappingJackson2HttpMessageConverter
2025-10-30T15:14:49.108+01:00 DEBUG 5394 --- [odm-platform-pp-notification-server] [o-auto-1-exec-8] o.s.web.servlet.DispatcherServlet        : POST "/api/v2/pp/notification/subscriptions", parameters={}
2025-10-30T15:14:49.109+01:00 DEBUG 5394 --- [odm-platform-pp-notification-server] [o-auto-1-exec-8] s.w.s.m.m.a.RequestMappingHandlerMapping : Mapped to org.opendatamesh.platform.pp.notification.rest.v2.controllers.SubscriptionController#createSubscription(SubscriptionRes)
2025-10-30T15:14:49.110+01:00 DEBUG 5394 --- [odm-platform-pp-notification-server] [o-auto-1-exec-8] m.m.a.RequestResponseBodyMethodProcessor : Read "application/json;charset=UTF-8" to [org.opendatamesh.platform.pp.notification.rest.v2.resources.subscription.SubscriptionRes@2eac6880]
2025-10-30T15:14:49.114+01:00 DEBUG 5394 --- [odm-platform-pp-notification-server] [o-auto-1-exec-8] org.hibernate.SQL                        : insert into public.subscriptions (created_at,display_name,name,observer_server_base_url,updated_at,uuid) values (?,?,?,?,?,?)
Hibernate: insert into public.subscriptions (created_at,display_name,name,observer_server_base_url,updated_at,uuid) values (?,?,?,?,?,?)
2025-10-30T15:14:49.119+01:00 DEBUG 5394 --- [odm-platform-pp-notification-server] [o-auto-1-exec-8] org.hibernate.SQL                        : insert into public.subscriptions_events_types (event_name,subscription_uuid) values (?,?)
Hibernate: insert into public.subscriptions_events_types (event_name,subscription_uuid) values (?,?)
2025-10-30T15:14:49.124+01:00 DEBUG 5394 --- [odm-platform-pp-notification-server] [o-auto-1-exec-8] m.m.a.RequestResponseBodyMethodProcessor : Using 'application/json', given [application/json, application/yaml, application/*+json] and supported [application/json, application/*+json, application/yaml]
2025-10-30T15:14:49.124+01:00 DEBUG 5394 --- [odm-platform-pp-notification-server] [o-auto-1-exec-8] m.m.a.RequestResponseBodyMethodProcessor : Writing [org.opendatamesh.platform.pp.notification.rest.v2.resources.subscription.SubscriptionRes@5c977a9a]
2025-10-30T15:14:49.126+01:00 DEBUG 5394 --- [odm-platform-pp-notification-server] [           main] o.s.web.client.RestTemplate              : Response 201 CREATED
2025-10-30T15:14:49.127+01:00 DEBUG 5394 --- [odm-platform-pp-notification-server] [           main] o.s.web.client.RestTemplate              : Reading to [org.opendatamesh.platform.pp.notification.rest.v2.resources.subscription.SubscriptionRes]
2025-10-30T15:14:49.127+01:00 DEBUG 5394 --- [odm-platform-pp-notification-server] [o-auto-1-exec-8] o.s.web.servlet.DispatcherServlet        : Completed 201 CREATED
2025-10-30T15:14:49.131+01:00 DEBUG 5394 --- [odm-platform-pp-notification-server] [           main] o.s.web.client.RestTemplate              : HTTP POST http://localhost:42947/api/v2/pp/notification/dispatch/dispatch
2025-10-30T15:14:49.132+01:00 DEBUG 5394 --- [odm-platform-pp-notification-server] [           main] o.s.web.client.RestTemplate              : Accept=[application/json, application/yaml, application/*+json]
2025-10-30T15:14:49.136+01:00 DEBUG 5394 --- [odm-platform-pp-notification-server] [           main] o.s.web.client.RestTemplate              : Writing [org.opendatamesh.platform.pp.notification.rest.v2.resources.event.EventRes@37de86e1] with org.springframework.http.converter.json.MappingJackson2HttpMessageConverter
2025-10-30T15:14:49.141+01:00 DEBUG 5394 --- [odm-platform-pp-notification-server] [o-auto-1-exec-9] o.s.web.servlet.DispatcherServlet        : POST "/api/v2/pp/notification/dispatch/dispatch", parameters={}
2025-10-30T15:14:49.142+01:00 DEBUG 5394 --- [odm-platform-pp-notification-server] [o-auto-1-exec-9] s.w.s.m.m.a.RequestMappingHandlerMapping : Mapped to org.opendatamesh.platform.pp.notification.rest.v2.controllers.DispatchController#notifyEvent(EventRes)
2025-10-30T15:14:49.147+01:00 DEBUG 5394 --- [odm-platform-pp-notification-server] [o-auto-1-exec-9] m.m.a.RequestResponseBodyMethodProcessor : Read "application/json;charset=UTF-8" to [org.opendatamesh.platform.pp.notification.rest.v2.resources.event.EventRes@1e64dffd]
2025-10-30T15:14:49.148+01:00  INFO 5394 --- [odm-platform-pp-notification-server] [o-auto-1-exec-9] o.o.p.p.n.n.services.DispatchService     : Dispatching event: DATAPRODUCT_CREATED - Resource: dp-single
2025-10-30T15:14:49.151+01:00 DEBUG 5394 --- [odm-platform-pp-notification-server] [o-auto-1-exec-9] org.hibernate.SQL                        : insert into public.events (created_at,event_content,event_type_version,resource_uuid,resource_type,event_type,updated_at) values (?,?,?,?,?,?,?)
Hibernate: insert into public.events (created_at,event_content,event_type_version,resource_uuid,resource_type,event_type,updated_at) values (?,?,?,?,?,?,?)
2025-10-30T15:14:49.157+01:00  INFO 5394 --- [odm-platform-pp-notification-server] [o-auto-1-exec-9] o.o.p.p.n.n.services.DispatchService     : Created event with ID: 2
2025-10-30T15:14:49.161+01:00 DEBUG 5394 --- [odm-platform-pp-notification-server] [o-auto-1-exec-9] org.hibernate.SQL                        : select s1_0.uuid,s1_0.created_at,s1_0.display_name,s1_0.name,s1_0.observer_server_base_url,s1_0.updated_at from public.subscriptions s1_0 offset ? rows fetch first ? rows only
Hibernate: select s1_0.uuid,s1_0.created_at,s1_0.display_name,s1_0.name,s1_0.observer_server_base_url,s1_0.updated_at from public.subscriptions s1_0 offset ? rows fetch first ? rows only
2025-10-30T15:14:49.172+01:00 DEBUG 5394 --- [odm-platform-pp-notification-server] [o-auto-1-exec-9] org.hibernate.SQL                        : select et1_0.subscription_uuid,et1_0.sequence_id,et1_0.event_name from public.subscriptions_events_types et1_0 where et1_0.subscription_uuid=?
Hibernate: select et1_0.subscription_uuid,et1_0.sequence_id,et1_0.event_name from public.subscriptions_events_types et1_0 where et1_0.subscription_uuid=?
2025-10-30T15:14:49.174+01:00  INFO 5394 --- [odm-platform-pp-notification-server] [o-auto-1-exec-9] o.o.p.p.n.n.services.DispatchService     : Notifying subscription: test-read-one-1761833689067 for event: 2
2025-10-30T15:14:49.176+01:00 DEBUG 5394 --- [odm-platform-pp-notification-server] [o-auto-1-exec-9] org.hibernate.SQL                        : insert into public.notifications (error_message,event_id,notification_status,subscription_uuid) values (?,?,?,?)
Hibernate: insert into public.notifications (error_message,event_id,notification_status,subscription_uuid) values (?,?,?,?)
2025-10-30T15:14:49.185+01:00  INFO 5394 --- [odm-platform-pp-notification-server] [o-auto-1-exec-9] o.o.p.p.n.n.services.DispatchService     : Notification created and dispatched for subscription: 19f782ca-b240-4319-8f1a-83dec7751cd5
2025-10-30T15:14:49.185+01:00  INFO 5394 --- [odm-platform-pp-notification-server] [onPool-worker-1] o.o.p.p.n.n.services.NotificationClient  : Sending notification 2 to subscription: 19f782ca-b240-4319-8f1a-83dec7751cd5 at URL: http://localhost:8080/test/notifications
2025-10-30T15:14:49.186+01:00  INFO 5394 --- [odm-platform-pp-notification-server] [o-auto-1-exec-9] o.o.p.p.n.n.services.DispatchService     : Event dispatch completed for event ID: 2
2025-10-30T15:14:49.187+01:00 DEBUG 5394 --- [odm-platform-pp-notification-server] [onPool-worker-1] o.s.web.client.RestTemplate              : HTTP POST http://localhost:8080/test/notifications
2025-10-30T15:14:49.188+01:00 DEBUG 5394 --- [odm-platform-pp-notification-server] [o-auto-1-exec-9] o.s.web.servlet.DispatcherServlet        : Completed 202 ACCEPTED
2025-10-30T15:14:49.189+01:00 DEBUG 5394 --- [odm-platform-pp-notification-server] [onPool-worker-1] o.s.web.client.RestTemplate              : Accept=[text/plain, application/json, application/yaml, application/*+json, */*]
2025-10-30T15:14:49.190+01:00 DEBUG 5394 --- [odm-platform-pp-notification-server] [onPool-worker-1] o.s.web.client.RestTemplate              : Writing [org.opendatamesh.platform.pp.notification.rest.v2.resources.notification.NotificationRes@72c2a5c3] as "application/json"
2025-10-30T15:14:49.191+01:00 DEBUG 5394 --- [odm-platform-pp-notification-server] [           main] o.s.web.client.RestTemplate              : Response 202 ACCEPTED
2025-10-30T15:14:49.192+01:00 DEBUG 5394 --- [odm-platform-pp-notification-server] [           main] o.s.web.client.RestTemplate              : HTTP GET http://localhost:42947/api/v2/pp/notification/events
2025-10-30T15:14:49.192+01:00 ERROR 5394 --- [odm-platform-pp-notification-server] [onPool-worker-1] o.o.p.p.n.n.services.NotificationClient  : Error sending notification 2 to subscription 19f782ca-b240-4319-8f1a-83dec7751cd5: I/O error on POST request for "http://localhost:8080/test/notifications": Connect to http://localhost:8080 [localhost/127.0.0.1] failed: Connection refused

org.springframework.web.client.ResourceAccessException: I/O error on POST request for "http://localhost:8080/test/notifications": Connect to http://localhost:8080 [localhost/127.0.0.1] failed: Connection refused
	at org.springframework.web.client.RestTemplate.createResourceAccessException(RestTemplate.java:926) ~[spring-web-6.2.11.jar:6.2.11]
	at org.springframework.web.client.RestTemplate.doExecute(RestTemplate.java:906) ~[spring-web-6.2.11.jar:6.2.11]
	at org.springframework.web.client.RestTemplate.execute(RestTemplate.java:801) ~[spring-web-6.2.11.jar:6.2.11]
	at org.springframework.web.client.RestTemplate.exchange(RestTemplate.java:683) ~[spring-web-6.2.11.jar:6.2.11]
	at org.opendatamesh.platform.pp.notification.notification.services.NotificationClient.lambda$0(NotificationClient.java:44) ~[classes/:na]
	at java.base/java.util.concurrent.CompletableFuture$AsyncRun.run(CompletableFuture.java:1804) ~[na:na]
	at java.base/java.util.concurrent.CompletableFuture$AsyncRun.exec(CompletableFuture.java:1796) ~[na:na]
	at java.base/java.util.concurrent.ForkJoinTask.doExec(ForkJoinTask.java:387) ~[na:na]
	at java.base/java.util.concurrent.ForkJoinPool$WorkQueue.topLevelExec(ForkJoinPool.java:1312) ~[na:na]
	at java.base/java.util.concurrent.ForkJoinPool.scan(ForkJoinPool.java:1843) ~[na:na]
	at java.base/java.util.concurrent.ForkJoinPool.runWorker(ForkJoinPool.java:1808) ~[na:na]
	at java.base/java.util.concurrent.ForkJoinWorkerThread.run(ForkJoinWorkerThread.java:188) ~[na:na]
Caused by: org.apache.hc.client5.http.HttpHostConnectException: Connect to http://localhost:8080 [localhost/127.0.0.1] failed: Connection refused
	at java.base/sun.nio.ch.Net.pollConnect(Native Method) ~[na:na]
	at java.base/sun.nio.ch.Net.pollConnectNow(Net.java:682) ~[na:na]
	at java.base/sun.nio.ch.NioSocketImpl.timedFinishConnect(NioSocketImpl.java:542) ~[na:na]
	at java.base/sun.nio.ch.NioSocketImpl.connect(NioSocketImpl.java:592) ~[na:na]
	at java.base/java.net.SocksSocketImpl.connect(SocksSocketImpl.java:327) ~[na:na]
	at java.base/java.net.Socket.connect(Socket.java:751) ~[na:na]
	at org.apache.hc.client5.http.impl.io.DefaultHttpClientConnectionOperator.connect(DefaultHttpClientConnectionOperator.java:216) ~[httpclient5-5.4.1.jar:5.4.1]
	at org.apache.hc.client5.http.impl.io.PoolingHttpClientConnectionManager.connect(PoolingHttpClientConnectionManager.java:490) ~[httpclient5-5.4.1.jar:5.4.1]
	at org.apache.hc.client5.http.impl.classic.InternalExecRuntime.connectEndpoint(InternalExecRuntime.java:164) ~[httpclient5-5.4.1.jar:5.4.1]
	at org.apache.hc.client5.http.impl.classic.InternalExecRuntime.connectEndpoint(InternalExecRuntime.java:174) ~[httpclient5-5.4.1.jar:5.4.1]
	at org.apache.hc.client5.http.impl.classic.ConnectExec.execute(ConnectExec.java:144) ~[httpclient5-5.4.1.jar:5.4.1]
	at org.apache.hc.client5.http.impl.classic.ExecChainElement.execute(ExecChainElement.java:51) ~[httpclient5-5.4.1.jar:5.4.1]
	at org.apache.hc.client5.http.impl.classic.ProtocolExec.execute(ProtocolExec.java:192) ~[httpclient5-5.4.1.jar:5.4.1]
	at org.apache.hc.client5.http.impl.classic.ExecChainElement.execute(ExecChainElement.java:51) ~[httpclient5-5.4.1.jar:5.4.1]
	at org.apache.hc.client5.http.impl.classic.ContentCompressionExec.execute(ContentCompressionExec.java:150) ~[httpclient5-5.4.1.jar:5.4.1]
	at org.apache.hc.client5.http.impl.classic.ExecChainElement.execute(ExecChainElement.java:51) ~[httpclient5-5.4.1.jar:5.4.1]
	at org.apache.hc.client5.http.impl.classic.HttpRequestRetryExec.execute(HttpRequestRetryExec.java:113) ~[httpclient5-5.4.1.jar:5.4.1]
	at org.apache.hc.client5.http.impl.classic.ExecChainElement.execute(ExecChainElement.java:51) ~[httpclient5-5.4.1.jar:5.4.1]
	at org.apache.hc.client5.http.impl.classic.RedirectExec.execute(RedirectExec.java:110) ~[httpclient5-5.4.1.jar:5.4.1]
	at org.apache.hc.client5.http.impl.classic.ExecChainElement.execute(ExecChainElement.java:51) ~[httpclient5-5.4.1.jar:5.4.1]
	at org.apache.hc.client5.http.impl.classic.InternalHttpClient.doExecute(InternalHttpClient.java:174) ~[httpclient5-5.4.1.jar:5.4.1]
	at org.apache.hc.client5.http.impl.classic.CloseableHttpClient.execute(CloseableHttpClient.java:87) ~[httpclient5-5.4.1.jar:5.4.1]
	at org.apache.hc.client5.http.impl.classic.CloseableHttpClient.execute(CloseableHttpClient.java:55) ~[httpclient5-5.4.1.jar:5.4.1]
	at org.apache.hc.client5.http.classic.HttpClient.executeOpen(HttpClient.java:183) ~[httpclient5-5.4.1.jar:5.4.1]
	at org.springframework.http.client.HttpComponentsClientHttpRequest.executeInternal(HttpComponentsClientHttpRequest.java:99) ~[spring-web-6.2.11.jar:6.2.11]
	at org.springframework.http.client.AbstractStreamingClientHttpRequest.executeInternal(AbstractStreamingClientHttpRequest.java:71) ~[spring-web-6.2.11.jar:6.2.11]
	at org.springframework.http.client.AbstractClientHttpRequest.execute(AbstractClientHttpRequest.java:81) ~[spring-web-6.2.11.jar:6.2.11]
	at org.springframework.web.client.RestTemplate.doExecute(RestTemplate.java:900) ~[spring-web-6.2.11.jar:6.2.11]
	... 10 common frames omitted

2025-10-30T15:14:49.193+01:00 DEBUG 5394 --- [odm-platform-pp-notification-server] [           main] o.s.web.client.RestTemplate              : Accept=[text/plain, application/json, application/yaml, application/*+json, */*]
2025-10-30T15:14:49.198+01:00 DEBUG 5394 --- [odm-platform-pp-notification-server] [-auto-1-exec-10] o.s.web.servlet.DispatcherServlet        : GET "/api/v2/pp/notification/events", parameters={}
2025-10-30T15:14:49.201+01:00 DEBUG 5394 --- [odm-platform-pp-notification-server] [-auto-1-exec-10] s.w.s.m.m.a.RequestMappingHandlerMapping : Mapped to org.opendatamesh.platform.pp.notification.rest.v2.controllers.EventController#searchEvents(Pageable)
2025-10-30T15:14:49.206+01:00 DEBUG 5394 --- [odm-platform-pp-notification-server] [-auto-1-exec-10] org.hibernate.SQL                        : select e1_0.sequence_id,e1_0.created_at,e1_0.event_content,e1_0.event_type_version,e1_0.resource_uuid,e1_0.resource_type,e1_0.event_type,e1_0.updated_at from public.events e1_0 offset ? rows fetch first ? rows only
Hibernate: select e1_0.sequence_id,e1_0.created_at,e1_0.event_content,e1_0.event_type_version,e1_0.resource_uuid,e1_0.resource_type,e1_0.event_type,e1_0.updated_at from public.events e1_0 offset ? rows fetch first ? rows only
2025-10-30T15:14:49.220+01:00 DEBUG 5394 --- [odm-platform-pp-notification-server] [-auto-1-exec-10] m.m.a.RequestResponseBodyMethodProcessor : Using 'application/json', given [text/plain, application/json, application/yaml, application/*+json, */*] and supported [application/json, application/*+json, application/yaml]
2025-10-30T15:14:49.221+01:00 DEBUG 5394 --- [odm-platform-pp-notification-server] [-auto-1-exec-10] m.m.a.RequestResponseBodyMethodProcessor : Writing [Page 1 of 1 containing org.opendatamesh.platform.pp.notification.rest.v2.resources.event.EventRes in (truncated)...]
2025-10-30T15:14:49.223+01:00 DEBUG 5394 --- [odm-platform-pp-notification-server] [-auto-1-exec-10] o.s.web.servlet.DispatcherServlet        : Completed 200 OK
2025-10-30T15:14:49.223+01:00 DEBUG 5394 --- [odm-platform-pp-notification-server] [           main] o.s.web.client.RestTemplate              : Response 200 OK
2025-10-30T15:14:49.223+01:00 DEBUG 5394 --- [odm-platform-pp-notification-server] [           main] o.s.web.client.RestTemplate              : Reading to [java.lang.String] as "application/json"
2025-10-30T15:14:49.224+01:00 DEBUG 5394 --- [odm-platform-pp-notification-server] [           main] o.s.web.client.RestTemplate              : HTTP DELETE http://localhost:42947/api/v2/pp/notification/subscriptions/19f782ca-b240-4319-8f1a-83dec7751cd5
2025-10-30T15:14:49.230+01:00 DEBUG 5394 --- [odm-platform-pp-notification-server] [o-auto-1-exec-1] o.s.web.servlet.DispatcherServlet        : DELETE "/api/v2/pp/notification/subscriptions/19f782ca-b240-4319-8f1a-83dec7751cd5", parameters={}
2025-10-30T15:14:49.233+01:00 DEBUG 5394 --- [odm-platform-pp-notification-server] [o-auto-1-exec-1] s.w.s.m.m.a.RequestMappingHandlerMapping : Mapped to org.opendatamesh.platform.pp.notification.rest.v2.controllers.SubscriptionController#deleteSubscription(String)
2025-10-30T15:14:49.239+01:00 DEBUG 5394 --- [odm-platform-pp-notification-server] [o-auto-1-exec-1] org.hibernate.SQL                        : select count(*) from public.subscriptions s1_0 where s1_0.uuid=?
Hibernate: select count(*) from public.subscriptions s1_0 where s1_0.uuid=?
2025-10-30T15:14:49.244+01:00 DEBUG 5394 --- [odm-platform-pp-notification-server] [o-auto-1-exec-1] org.hibernate.SQL                        : select s1_0.uuid,s1_0.created_at,s1_0.display_name,s1_0.name,s1_0.observer_server_base_url,s1_0.updated_at from public.subscriptions s1_0 where s1_0.uuid=?
Hibernate: select s1_0.uuid,s1_0.created_at,s1_0.display_name,s1_0.name,s1_0.observer_server_base_url,s1_0.updated_at from public.subscriptions s1_0 where s1_0.uuid=?
2025-10-30T15:14:49.252+01:00 DEBUG 5394 --- [odm-platform-pp-notification-server] [o-auto-1-exec-1] org.hibernate.SQL                        : select et1_0.subscription_uuid,et1_0.sequence_id,et1_0.event_name from public.subscriptions_events_types et1_0 where et1_0.subscription_uuid=?
Hibernate: select et1_0.subscription_uuid,et1_0.sequence_id,et1_0.event_name from public.subscriptions_events_types et1_0 where et1_0.subscription_uuid=?
2025-10-30T15:14:49.258+01:00 DEBUG 5394 --- [odm-platform-pp-notification-server] [o-auto-1-exec-1] org.hibernate.SQL                        : delete from public.subscriptions where uuid=?
Hibernate: delete from public.subscriptions where uuid=?
2025-10-30T15:14:49.269+01:00 DEBUG 5394 --- [odm-platform-pp-notification-server] [o-auto-1-exec-1] m.m.a.RequestResponseBodyMethodProcessor : Using 'application/json', given [*/*] and supported [application/json, application/*+json, application/yaml]
2025-10-30T15:14:49.270+01:00 DEBUG 5394 --- [odm-platform-pp-notification-server] [o-auto-1-exec-1] m.m.a.RequestResponseBodyMethodProcessor : Nothing to write: null body
2025-10-30T15:14:49.270+01:00 DEBUG 5394 --- [odm-platform-pp-notification-server] [o-auto-1-exec-1] o.s.web.servlet.DispatcherServlet        : Completed 200 OK
2025-10-30T15:14:49.273+01:00 DEBUG 5394 --- [odm-platform-pp-notification-server] [           main] o.s.web.client.RestTemplate              : Response 200 OK
]]></system-out>
  </testcase>
</testsuite>